<?xml version="1.0"?>
<!DOCTYPE coverage SYSTEM "http://cobertura.sourceforge.net/xml/coverage-04.dtd">

<coverage line-rate="0.32790697674418606" branch-rate="0.284" lines-covered="141" lines-valid="430" branches-covered="71" branches-valid="250" complexity="2.5" version="2.0.3" timestamp="1420664064950">
	<sources>
		<source>--source</source>
		<source>/home/marek/w/idea/matsuo-core/matsuo-util/src/main/java</source>
	</sources>
	<packages>
		<package name="pl.matsuo.core.util" line-rate="0.4929078014184397" branch-rate="0.3776595744680851" complexity="3.0869565217391304">
			<classes>
				<class name="pl.matsuo.core.util.DateUtil" filename="pl/matsuo/core/util/DateUtil.java" line-rate="0.49122807017543857" branch-rate="0.125" complexity="1.6071428571428572">
					<methods>
						<method name="&lt;clinit&gt;" signature="()V" line-rate="1.0" branch-rate="1.0">
							<lines>
								<line number="27" hits="1" branch="false"/>
								<line number="30" hits="2" branch="false"/>
								<line number="46" hits="1" branch="false"/>
							</lines>
						</method>
						<method name="addTime" signature="(Ljava/util/Date;II)Ljava/util/Date;" line-rate="0.0" branch-rate="1.0">
							<lines>
								<line number="94" hits="0" branch="false"/>
								<line number="95" hits="0" branch="false"/>
								<line number="96" hits="0" branch="false"/>
							</lines>
						</method>
						<method name="between" signature="(Ljava/util/Date;Ljava/util/Date;Ljava/util/Date;)Z" line-rate="0.0" branch-rate="0.0">
							<lines>
								<line number="168" hits="0" branch="true" condition-coverage="0% (0/8)">
									<conditions>
										<condition number="0" type="jump" coverage="0%"/>
										<condition number="1" type="jump" coverage="0%"/>
										<condition number="2" type="jump" coverage="0%"/>
										<condition number="3" type="jump" coverage="0%"/>
									</conditions>
								</line>
							</lines>
						</method>
						<method name="cal" signature="(III)Ljava/util/Calendar;" line-rate="1.0" branch-rate="1.0">
							<lines>
								<line number="128" hits="20" branch="false"/>
							</lines>
						</method>
						<method name="cal" signature="(IIIII)Ljava/util/Calendar;" line-rate="0.0" branch-rate="1.0">
							<lines>
								<line number="133" hits="0" branch="false"/>
							</lines>
						</method>
						<method name="cal" signature="(J)Ljava/util/Calendar;" line-rate="0.0" branch-rate="1.0">
							<lines>
								<line number="121" hits="0" branch="false"/>
								<line number="122" hits="0" branch="false"/>
								<line number="123" hits="0" branch="false"/>
							</lines>
						</method>
						<method name="cal" signature="(Ljava/util/Date;)Ljava/util/Calendar;" line-rate="0.0" branch-rate="0.0">
							<lines>
								<line number="101" hits="0" branch="true" condition-coverage="0% (0/2)">
									<conditions>
										<condition number="0" type="jump" coverage="0%"/>
									</conditions>
								</line>
								<line number="102" hits="0" branch="false"/>
								<line number="104" hits="0" branch="false"/>
							</lines>
						</method>
						<method name="cal" signature="(Ljava/util/Date;Ljava/lang/Integer;Ljava/lang/Integer;)Ljava/util/Calendar;" line-rate="1.0" branch-rate="1.0">
							<lines>
								<line number="110" hits="10" branch="false"/>
								<line number="111" hits="10" branch="false"/>
								<line number="112" hits="10" branch="false"/>
								<line number="113" hits="10" branch="false"/>
								<line number="114" hits="10" branch="false"/>
								<line number="115" hits="10" branch="false"/>
								<line number="116" hits="10" branch="false"/>
							</lines>
						</method>
						<method name="date" signature="(III)Ljava/util/Date;" line-rate="1.0" branch-rate="1.0">
							<lines>
								<line number="51" hits="20" branch="false"/>
							</lines>
						</method>
						<method name="date" signature="(IIIII)Ljava/util/Date;" line-rate="0.0" branch-rate="1.0">
							<lines>
								<line number="84" hits="0" branch="false"/>
							</lines>
						</method>
						<method name="date" signature="(Ljava/lang/String;)Ljava/util/Date;" line-rate="0.8333333333333334" branch-rate="0.75">
							<lines>
								<line number="56" hits="4" branch="true" condition-coverage="100% (2/2)">
									<conditions>
										<condition number="0" type="jump" coverage="100%"/>
									</conditions>
								</line>
								<line number="57" hits="1" branch="false"/>
								<line number="60" hits="7" branch="true" condition-coverage="50% (1/2)">
									<conditions>
										<condition number="0" type="jump" coverage="50%"/>
									</conditions>
								</line>
								<line number="62" hits="7" branch="false"/>
								<line number="63" hits="3" branch="false"/>
								<line number="67" hits="0" branch="false"/>
							</lines>
						</method>
						<method name="date" signature="(Ljava/util/Date;Ljava/lang/Integer;Ljava/lang/Integer;)Ljava/util/Date;" line-rate="0.0" branch-rate="1.0">
							<lines>
								<line number="89" hits="0" branch="false"/>
							</lines>
						</method>
						<method name="dateAndTime" signature="(Ljava/util/Date;Ljava/sql/Time;)Ljava/util/Date;" line-rate="0.0" branch-rate="1.0">
							<lines>
								<line number="143" hits="0" branch="false"/>
							</lines>
						</method>
						<method name="getQuaterEnd" signature="(Ljava/util/Date;)Ljava/util/Date;" line-rate="1.0" branch-rate="1.0">
							<lines>
								<line number="212" hits="5" branch="false"/>
								<line number="213" hits="5" branch="false"/>
								<line number="214" hits="5" branch="false"/>
								<line number="215" hits="5" branch="false"/>
								<line number="216" hits="5" branch="false"/>
							</lines>
						</method>
						<method name="getQuaterStart" signature="(Ljava/util/Date;)Ljava/util/Date;" line-rate="1.0" branch-rate="1.0">
							<lines>
								<line number="203" hits="5" branch="false"/>
								<line number="204" hits="5" branch="false"/>
								<line number="205" hits="5" branch="false"/>
								<line number="206" hits="5" branch="false"/>
								<line number="207" hits="5" branch="false"/>
							</lines>
						</method>
						<method name="isoFormat" signature="(Ljava/util/Date;)Ljava/lang/String;" line-rate="1.0" branch-rate="1.0">
							<lines>
								<line number="193" hits="1" branch="false"/>
							</lines>
						</method>
						<method name="localDate" signature="(Ljava/util/Date;)Ljava/time/LocalDate;" line-rate="0.0" branch-rate="1.0">
							<lines>
								<line number="198" hits="0" branch="false"/>
							</lines>
						</method>
						<method name="max" signature="(Ljava/util/Calendar;Ljava/util/Calendar;)Ljava/util/Calendar;" line-rate="0.0" branch-rate="0.0">
							<lines>
								<line number="153" hits="0" branch="true" condition-coverage="0% (0/2)">
									<conditions>
										<condition number="0" type="jump" coverage="0%"/>
									</conditions>
								</line>
							</lines>
						</method>
						<method name="max" signature="(Ljava/util/Date;Ljava/util/Date;)Ljava/util/Date;" line-rate="0.0" branch-rate="0.0">
							<lines>
								<line number="163" hits="0" branch="true" condition-coverage="0% (0/2)">
									<conditions>
										<condition number="0" type="jump" coverage="0%"/>
									</conditions>
								</line>
							</lines>
						</method>
						<method name="maybeDate" signature="(Ljava/lang/String;)Ljava/util/Date;" line-rate="0.0" branch-rate="0.0">
							<lines>
								<line number="72" hits="0" branch="true" condition-coverage="0% (0/2)">
									<conditions>
										<condition number="0" type="jump" coverage="0%"/>
									</conditions>
								</line>
								<line number="74" hits="0" branch="false"/>
								<line number="75" hits="0" branch="false"/>
								<line number="79" hits="0" branch="false"/>
							</lines>
						</method>
						<method name="min" signature="(Ljava/util/Calendar;Ljava/util/Calendar;)Ljava/util/Calendar;" line-rate="0.0" branch-rate="0.0">
							<lines>
								<line number="148" hits="0" branch="true" condition-coverage="0% (0/2)">
									<conditions>
										<condition number="0" type="jump" coverage="0%"/>
									</conditions>
								</line>
							</lines>
						</method>
						<method name="min" signature="(Ljava/util/Date;Ljava/util/Date;)Ljava/util/Date;" line-rate="0.0" branch-rate="0.0">
							<lines>
								<line number="158" hits="0" branch="true" condition-coverage="0% (0/2)">
									<conditions>
										<condition number="0" type="jump" coverage="0%"/>
									</conditions>
								</line>
							</lines>
						</method>
						<method name="sqlDate" signature="(III)Ljava/sql/Date;" line-rate="0.0" branch-rate="1.0">
							<lines>
								<line number="178" hits="0" branch="false"/>
							</lines>
						</method>
						<method name="sqlDate" signature="(IIIII)Ljava/sql/Date;" line-rate="0.0" branch-rate="1.0">
							<lines>
								<line number="183" hits="0" branch="false"/>
							</lines>
						</method>
						<method name="sqlDate" signature="(Ljava/util/Date;)Ljava/sql/Date;" line-rate="0.0" branch-rate="1.0">
							<lines>
								<line number="173" hits="0" branch="false"/>
							</lines>
						</method>
						<method name="sqlDate" signature="(Ljava/util/Date;Ljava/lang/Integer;Ljava/lang/Integer;)Ljava/sql/Date;" line-rate="0.0" branch-rate="1.0">
							<lines>
								<line number="188" hits="0" branch="false"/>
							</lines>
						</method>
						<method name="time" signature="(II)Ljava/sql/Time;" line-rate="0.0" branch-rate="1.0">
							<lines>
								<line number="138" hits="0" branch="false"/>
							</lines>
						</method>
					</methods>
					<lines>
						<line number="27" hits="1" branch="false"/>
						<line number="30" hits="2" branch="false"/>
						<line number="46" hits="1" branch="false"/>
						<line number="51" hits="20" branch="false"/>
						<line number="56" hits="4" branch="true" condition-coverage="100% (2/2)">
							<conditions>
								<condition number="0" type="jump" coverage="100%"/>
							</conditions>
						</line>
						<line number="57" hits="1" branch="false"/>
						<line number="60" hits="7" branch="true" condition-coverage="50% (1/2)">
							<conditions>
								<condition number="0" type="jump" coverage="50%"/>
							</conditions>
						</line>
						<line number="62" hits="7" branch="false"/>
						<line number="63" hits="3" branch="false"/>
						<line number="67" hits="0" branch="false"/>
						<line number="72" hits="0" branch="true" condition-coverage="0% (0/2)">
							<conditions>
								<condition number="0" type="jump" coverage="0%"/>
							</conditions>
						</line>
						<line number="74" hits="0" branch="false"/>
						<line number="75" hits="0" branch="false"/>
						<line number="79" hits="0" branch="false"/>
						<line number="84" hits="0" branch="false"/>
						<line number="89" hits="0" branch="false"/>
						<line number="94" hits="0" branch="false"/>
						<line number="95" hits="0" branch="false"/>
						<line number="96" hits="0" branch="false"/>
						<line number="101" hits="0" branch="true" condition-coverage="0% (0/2)">
							<conditions>
								<condition number="0" type="jump" coverage="0%"/>
							</conditions>
						</line>
						<line number="102" hits="0" branch="false"/>
						<line number="104" hits="0" branch="false"/>
						<line number="110" hits="10" branch="false"/>
						<line number="111" hits="10" branch="false"/>
						<line number="112" hits="10" branch="false"/>
						<line number="113" hits="10" branch="false"/>
						<line number="114" hits="10" branch="false"/>
						<line number="115" hits="10" branch="false"/>
						<line number="116" hits="10" branch="false"/>
						<line number="121" hits="0" branch="false"/>
						<line number="122" hits="0" branch="false"/>
						<line number="123" hits="0" branch="false"/>
						<line number="128" hits="20" branch="false"/>
						<line number="133" hits="0" branch="false"/>
						<line number="138" hits="0" branch="false"/>
						<line number="143" hits="0" branch="false"/>
						<line number="148" hits="0" branch="true" condition-coverage="0% (0/2)">
							<conditions>
								<condition number="0" type="jump" coverage="0%"/>
							</conditions>
						</line>
						<line number="153" hits="0" branch="true" condition-coverage="0% (0/2)">
							<conditions>
								<condition number="0" type="jump" coverage="0%"/>
							</conditions>
						</line>
						<line number="158" hits="0" branch="true" condition-coverage="0% (0/2)">
							<conditions>
								<condition number="0" type="jump" coverage="0%"/>
							</conditions>
						</line>
						<line number="163" hits="0" branch="true" condition-coverage="0% (0/2)">
							<conditions>
								<condition number="0" type="jump" coverage="0%"/>
							</conditions>
						</line>
						<line number="168" hits="0" branch="true" condition-coverage="0% (0/8)">
							<conditions>
								<condition number="0" type="jump" coverage="0%"/>
								<condition number="1" type="jump" coverage="0%"/>
								<condition number="2" type="jump" coverage="0%"/>
								<condition number="3" type="jump" coverage="0%"/>
							</conditions>
						</line>
						<line number="173" hits="0" branch="false"/>
						<line number="178" hits="0" branch="false"/>
						<line number="183" hits="0" branch="false"/>
						<line number="188" hits="0" branch="false"/>
						<line number="193" hits="1" branch="false"/>
						<line number="198" hits="0" branch="false"/>
						<line number="203" hits="5" branch="false"/>
						<line number="204" hits="5" branch="false"/>
						<line number="205" hits="5" branch="false"/>
						<line number="206" hits="5" branch="false"/>
						<line number="207" hits="5" branch="false"/>
						<line number="212" hits="5" branch="false"/>
						<line number="213" hits="5" branch="false"/>
						<line number="214" hits="5" branch="false"/>
						<line number="215" hits="5" branch="false"/>
						<line number="216" hits="5" branch="false"/>
					</lines>
				</class>
				<class name="pl.matsuo.core.util.DateUtil$1" filename="pl/matsuo/core/util/DateUtil.java" line-rate="0.6" branch-rate="1.0" complexity="1.6071428571428572">
					<methods>
						<method name="format" signature="(Ljava/util/Date;Ljava/lang/StringBuffer;Ljava/text/FieldPosition;)Ljava/lang/StringBuffer;" line-rate="0.0" branch-rate="1.0">
							<lines>
								<line number="34" hits="0" branch="false"/>
								<line number="35" hits="0" branch="false"/>
							</lines>
						</method>
						<method name="parse" signature="(Ljava/lang/String;Ljava/text/ParsePosition;)Ljava/util/Date;" line-rate="1.0" branch-rate="1.0">
							<lines>
								<line number="40" hits="4" branch="false"/>
								<line number="41" hits="1" branch="false"/>
								<line number="42" hits="1" branch="false"/>
							</lines>
						</method>
					</methods>
					<lines>
						<line number="34" hits="0" branch="false"/>
						<line number="35" hits="0" branch="false"/>
						<line number="40" hits="4" branch="false"/>
						<line number="41" hits="1" branch="false"/>
						<line number="42" hits="1" branch="false"/>
					</lines>
				</class>
				<class name="pl.matsuo.core.util.EnumUtil" filename="pl/matsuo/core/util/EnumUtil.java" line-rate="0.0" branch-rate="0.0" complexity="7.0">
					<methods>
						<method name="enumValue" signature="(Ljava/lang/Class;Ljava/lang/String;)Ljava/lang/Enum;" line-rate="0.0" branch-rate="0.0">
							<lines>
								<line number="8" hits="0" branch="true" condition-coverage="0% (0/2)">
									<conditions>
										<condition number="0" type="jump" coverage="0%"/>
									</conditions>
								</line>
								<line number="9" hits="0" branch="false"/>
								<line number="11" hits="0" branch="true" condition-coverage="0% (0/2)">
									<conditions>
										<condition number="0" type="jump" coverage="0%"/>
									</conditions>
								</line>
								<line number="12" hits="0" branch="true" condition-coverage="0% (0/2)">
									<conditions>
										<condition number="0" type="jump" coverage="0%"/>
									</conditions>
								</line>
								<line number="13" hits="0" branch="false"/>
								<line number="18" hits="0" branch="false"/>
							</lines>
						</method>
					</methods>
					<lines>
						<line number="8" hits="0" branch="true" condition-coverage="0% (0/2)">
							<conditions>
								<condition number="0" type="jump" coverage="0%"/>
							</conditions>
						</line>
						<line number="9" hits="0" branch="false"/>
						<line number="11" hits="0" branch="true" condition-coverage="0% (0/2)">
							<conditions>
								<condition number="0" type="jump" coverage="0%"/>
							</conditions>
						</line>
						<line number="12" hits="0" branch="true" condition-coverage="0% (0/2)">
							<conditions>
								<condition number="0" type="jump" coverage="0%"/>
							</conditions>
						</line>
						<line number="13" hits="0" branch="false"/>
						<line number="18" hits="0" branch="false"/>
					</lines>
				</class>
				<class name="pl.matsuo.core.util.FreemarkerUtils" filename="pl/matsuo/core/util/FreemarkerUtils.java" line-rate="0.0" branch-rate="1.0" complexity="1.6666666666666667">
					<methods>
						<method name="mapWrapper" signature="(Ljava/util/Map;)Ljava/lang/Object;" line-rate="0.0" branch-rate="1.0">
							<lines>
								<line number="29" hits="0" branch="false"/>
							</lines>
						</method>
					</methods>
					<lines>
						<line number="29" hits="0" branch="false"/>
					</lines>
				</class>
				<class name="pl.matsuo.core.util.FreemarkerUtils$FreemarkerMapWrapper" filename="pl/matsuo/core/util/FreemarkerUtils.java" line-rate="0.0" branch-rate="0.0" complexity="1.6666666666666667">
					<methods>
						<method name="lookup" signature="(Ljava/lang/Number;)Ljava/lang/Object;" line-rate="0.0" branch-rate="0.0">
							<lines>
								<line number="19" hits="0" branch="true" condition-coverage="0% (0/2)">
									<conditions>
										<condition number="0" type="jump" coverage="0%"/>
									</conditions>
								</line>
								<line number="20" hits="0" branch="false"/>
								<line number="23" hits="0" branch="false"/>
							</lines>
						</method>
					</methods>
					<lines>
						<line number="19" hits="0" branch="true" condition-coverage="0% (0/2)">
							<conditions>
								<condition number="0" type="jump" coverage="0%"/>
							</conditions>
						</line>
						<line number="20" hits="0" branch="false"/>
						<line number="23" hits="0" branch="false"/>
					</lines>
				</class>
				<class name="pl.matsuo.core.util.NumberSpeaker" filename="pl/matsuo/core/util/NumberSpeaker.java" line-rate="0.7363636363636363" branch-rate="0.5673076923076923" complexity="7.5">
					<methods>
						<method name="&lt;clinit&gt;" signature="()V" line-rate="1.0" branch-rate="1.0">
							<lines>
								<line number="35" hits="1" branch="false"/>
								<line number="49" hits="1" branch="false"/>
								<line number="50" hits="1" branch="false"/>
								<line number="63" hits="1" branch="false"/>
								<line number="67" hits="1" branch="false"/>
							</lines>
						</method>
						<method name="currencyDeclension" signature="(J[Ljava/lang/String;)Ljava/lang/String;" line-rate="0.9090909090909091" branch-rate="0.9285714285714286">
							<lines>
								<line number="243" hits="11" branch="false"/>
								<line number="244" hits="11" branch="false"/>
								<line number="245" hits="11" branch="true" condition-coverage="100% (2/2)">
									<conditions>
										<condition number="0" type="jump" coverage="100%"/>
									</conditions>
								</line>
								<line number="246" hits="3" branch="true" condition-coverage="100% (4/4)">
									<conditions>
										<condition number="0" type="jump" coverage="100%"/>
										<condition number="1" type="jump" coverage="100%"/>
									</conditions>
								</line>
								<line number="247" hits="1" branch="false"/>
								<line number="249" hits="2" branch="false"/>
								<line number="250" hits="8" branch="true" condition-coverage="100% (4/4)">
									<conditions>
										<condition number="0" type="jump" coverage="100%"/>
										<condition number="1" type="jump" coverage="100%"/>
									</conditions>
								</line>
								<line number="251" hits="3" branch="false"/>
								<line number="252" hits="5" branch="true" condition-coverage="75% (3/4)">
									<conditions>
										<condition number="0" type="jump" coverage="100%"/>
										<condition number="1" type="jump" coverage="50%"/>
									</conditions>
								</line>
								<line number="253" hits="5" branch="false"/>
								<line number="254" hits="0" branch="false"/>
							</lines>
						</method>
						<method name="decode" signature="(I)Ljava/lang/String;" line-rate="1.0" branch-rate="1.0">
							<lines>
								<line number="167" hits="2" branch="false"/>
							</lines>
						</method>
						<method name="decode" signature="(Ljava/lang/String;)Ljava/lang/String;" line-rate="0.5714285714285714" branch-rate="0.4473684210526316">
							<lines>
								<line number="132" hits="15" branch="false"/>
								<line number="134" hits="15" branch="true" condition-coverage="100% (2/2)">
									<conditions>
										<condition number="0" type="jump" coverage="100%"/>
									</conditions>
								</line>
								<line number="135" hits="8" branch="false"/>
								<line number="136" hits="7" branch="true" condition-coverage="75% (3/4)">
									<conditions>
										<condition number="0" type="jump" coverage="50%"/>
										<condition number="1" type="jump" coverage="100%"/>
									</conditions>
								</line>
								<line number="137" hits="1" branch="false"/>
								<line number="138" hits="6" branch="true" condition-coverage="75% (3/4)">
									<conditions>
										<condition number="0" type="jump" coverage="50%"/>
										<condition number="1" type="jump" coverage="100%"/>
									</conditions>
								</line>
								<line number="139" hits="2" branch="false"/>
								<line number="140" hits="4" branch="true" condition-coverage="50% (2/4)">
									<conditions>
										<condition number="0" type="jump" coverage="50%"/>
										<condition number="1" type="jump" coverage="50%"/>
									</conditions>
								</line>
								<line number="141" hits="0" branch="false"/>
								<line number="142" hits="4" branch="true" condition-coverage="75% (3/4)">
									<conditions>
										<condition number="0" type="jump" coverage="50%"/>
										<condition number="1" type="jump" coverage="100%"/>
									</conditions>
								</line>
								<line number="143" hits="2" branch="false"/>
								<line number="144" hits="2" branch="false"/>
								<line number="145" hits="2" branch="false"/>
								<line number="146" hits="2" branch="true" condition-coverage="50% (2/4)">
									<conditions>
										<condition number="0" type="jump" coverage="50%"/>
										<condition number="1" type="jump" coverage="50%"/>
									</conditions>
								</line>
								<line number="147" hits="0" branch="false"/>
								<line number="148" hits="2" branch="true" condition-coverage="50% (2/4)">
									<conditions>
										<condition number="0" type="jump" coverage="50%"/>
										<condition number="1" type="jump" coverage="50%"/>
									</conditions>
								</line>
								<line number="149" hits="2" branch="false"/>
								<line number="150" hits="0" branch="true" condition-coverage="0% (0/4)">
									<conditions>
										<condition number="0" type="jump" coverage="0%"/>
										<condition number="1" type="jump" coverage="0%"/>
									</conditions>
								</line>
								<line number="151" hits="0" branch="false"/>
								<line number="152" hits="0" branch="true" condition-coverage="0% (0/4)">
									<conditions>
										<condition number="0" type="jump" coverage="0%"/>
										<condition number="1" type="jump" coverage="0%"/>
									</conditions>
								</line>
								<line number="153" hits="0" branch="false"/>
								<line number="154" hits="0" branch="true" condition-coverage="0% (0/4)">
									<conditions>
										<condition number="0" type="jump" coverage="0%"/>
										<condition number="1" type="jump" coverage="0%"/>
									</conditions>
								</line>
								<line number="155" hits="0" branch="false"/>
								<line number="156" hits="0" branch="false"/>
								<line number="157" hits="0" branch="false"/>
								<line number="158" hits="0" branch="false"/>
								<line number="159" hits="0" branch="false"/>
								<line number="160" hits="15" branch="false"/>
							</lines>
						</method>
						<method name="determineSuffix" signature="(Ljava/lang/String;I)Ljava/lang/String;" line-rate="0.5652173913043478" branch-rate="0.36363636363636365">
							<lines>
								<line number="180" hits="13" branch="false"/>
								<line number="181" hits="13" branch="true" condition-coverage="50% (1/2)">
									<conditions>
										<condition number="0" type="jump" coverage="50%"/>
									</conditions>
								</line>
								<line number="182" hits="0" branch="false"/>
								<line number="185" hits="13" branch="true" condition-coverage="37% (3/8)">
									<conditions>
										<condition number="0" type="switch" coverage="37%"/>
									</conditions>
								</line>
								<line number="187" hits="11" branch="false"/>
								<line number="189" hits="1" branch="true" condition-coverage="25% (1/4)">
									<conditions>
										<condition number="0" type="jump" coverage="50%"/>
										<condition number="1" type="jump" coverage="0%"/>
									</conditions>
								</line>
								<line number="190" hits="0" branch="false"/>
								<line number="191" hits="1" branch="true" condition-coverage="25% (1/4)">
									<conditions>
										<condition number="0" type="jump" coverage="50%"/>
										<condition number="1" type="jump" coverage="0%"/>
									</conditions>
								</line>
								<line number="192" hits="1" branch="false"/>
								<line number="193" hits="1" branch="false"/>
								<line number="195" hits="1" branch="false"/>
								<line number="197" hits="1" branch="false"/>
								<line number="198" hits="1" branch="false"/>
								<line number="200" hits="0" branch="false"/>
								<line number="201" hits="0" branch="false"/>
								<line number="203" hits="0" branch="false"/>
								<line number="204" hits="0" branch="false"/>
								<line number="206" hits="0" branch="false"/>
								<line number="207" hits="0" branch="false"/>
								<line number="209" hits="0" branch="false"/>
								<line number="213" hits="1" branch="true" condition-coverage="50% (2/4)">
									<conditions>
										<condition number="0" type="jump" coverage="50%"/>
										<condition number="1" type="jump" coverage="50%"/>
									</conditions>
								</line>
								<line number="214" hits="0" branch="false"/>
								<line number="215" hits="1" branch="false"/>
							</lines>
						</method>
						<method name="speakCashAmount" signature="(Ljava/math/BigDecimal;)Ljava/lang/String;" line-rate="1.0" branch-rate="1.0">
							<lines>
								<line number="259" hits="7" branch="false"/>
								<line number="261" hits="7" branch="true" condition-coverage="100% (2/2)">
									<conditions>
										<condition number="0" type="jump" coverage="100%"/>
									</conditions>
								</line>
								<line number="262" hits="2" branch="false"/>
								<line number="263" hits="2" branch="false"/>
								<line number="266" hits="7" branch="false"/>
								<line number="267" hits="7" branch="true" condition-coverage="100% (2/2)">
									<conditions>
										<condition number="0" type="jump" coverage="100%"/>
									</conditions>
								</line>
								<line number="268" hits="4" branch="false"/>
								<line number="269" hits="4" branch="false"/>
								<line number="270" hits="7" branch="false"/>
								<line number="271" hits="7" branch="true" condition-coverage="100% (2/2)">
									<conditions>
										<condition number="0" type="jump" coverage="100%"/>
									</conditions>
								</line>
								<line number="272" hits="1" branch="false"/>
								<line number="274" hits="6" branch="false"/>
								<line number="275" hits="7" branch="false"/>
								<line number="276" hits="7" branch="false"/>
							</lines>
						</method>
						<method name="speakNumber" signature="(B)Ljava/lang/String;" line-rate="0.0" branch-rate="1.0">
							<lines>
								<line number="115" hits="0" branch="false"/>
							</lines>
						</method>
						<method name="speakNumber" signature="(I)Ljava/lang/String;" line-rate="0.0" branch-rate="1.0">
							<lines>
								<line number="111" hits="0" branch="false"/>
							</lines>
						</method>
						<method name="speakNumber" signature="(J)Ljava/lang/String;" line-rate="1.0" branch-rate="0.875">
							<lines>
								<line number="83" hits="11" branch="false"/>
								<line number="84" hits="11" branch="false"/>
								<line number="86" hits="11" branch="false"/>
								<line number="87" hits="11" branch="false"/>
								<line number="88" hits="11" branch="false"/>
								<line number="89" hits="11" branch="true" condition-coverage="100% (2/2)">
									<conditions>
										<condition number="0" type="jump" coverage="100%"/>
									</conditions>
								</line>
								<line number="90" hits="10" branch="false"/>
								<line number="92" hits="11" branch="true" condition-coverage="50% (1/2)">
									<conditions>
										<condition number="0" type="jump" coverage="50%"/>
									</conditions>
								</line>
								<line number="93" hits="11" branch="false"/>
								<line number="96" hits="24" branch="true" condition-coverage="100% (2/2)">
									<conditions>
										<condition number="0" type="jump" coverage="100%"/>
									</conditions>
								</line>
								<line number="97" hits="13" branch="false"/>
								<line number="98" hits="13" branch="true" condition-coverage="100% (2/2)">
									<conditions>
										<condition number="0" type="jump" coverage="100%"/>
									</conditions>
								</line>
								<line number="99" hits="11" branch="false"/>
								<line number="101" hits="13" branch="false"/>
								<line number="102" hits="13" branch="false"/>
								<line number="104" hits="13" branch="false"/>
								<line number="107" hits="11" branch="false"/>
							</lines>
						</method>
						<method name="speakNumber" signature="(Ljava/lang/String;)Ljava/lang/String;" line-rate="0.0" branch-rate="1.0">
							<lines>
								<line number="119" hits="0" branch="false"/>
							</lines>
						</method>
						<method name="suffixHelper" signature="(Ljava/lang/String;[Ljava/lang/String;)Ljava/lang/String;" line-rate="0.625" branch-rate="0.5">
							<lines>
								<line number="227" hits="1" branch="true" condition-coverage="50% (1/2)">
									<conditions>
										<condition number="0" type="jump" coverage="50%"/>
									</conditions>
								</line>
								<line number="228" hits="0" branch="false"/>
								<line number="230" hits="1" branch="true" condition-coverage="50% (3/6)">
									<conditions>
										<condition number="0" type="jump" coverage="50%"/>
										<condition number="1" type="jump" coverage="50%"/>
										<condition number="2" type="jump" coverage="50%"/>
									</conditions>
								</line>
								<line number="231" hits="1" branch="true" condition-coverage="50% (1/2)">
									<conditions>
										<condition number="0" type="jump" coverage="50%"/>
									</conditions>
								</line>
								<line number="232" hits="0" branch="false"/>
								<line number="234" hits="1" branch="true" condition-coverage="50% (3/6)">
									<conditions>
										<condition number="0" type="jump" coverage="50%"/>
										<condition number="1" type="jump" coverage="50%"/>
										<condition number="2" type="jump" coverage="50%"/>
									</conditions>
								</line>
								<line number="235" hits="0" branch="false"/>
								<line number="237" hits="1" branch="false"/>
							</lines>
						</method>
					</methods>
					<lines>
						<line number="35" hits="1" branch="false"/>
						<line number="49" hits="1" branch="false"/>
						<line number="50" hits="1" branch="false"/>
						<line number="63" hits="1" branch="false"/>
						<line number="67" hits="1" branch="false"/>
						<line number="83" hits="11" branch="false"/>
						<line number="84" hits="11" branch="false"/>
						<line number="86" hits="11" branch="false"/>
						<line number="87" hits="11" branch="false"/>
						<line number="88" hits="11" branch="false"/>
						<line number="89" hits="11" branch="true" condition-coverage="100% (2/2)">
							<conditions>
								<condition number="0" type="jump" coverage="100%"/>
							</conditions>
						</line>
						<line number="90" hits="10" branch="false"/>
						<line number="92" hits="11" branch="true" condition-coverage="50% (1/2)">
							<conditions>
								<condition number="0" type="jump" coverage="50%"/>
							</conditions>
						</line>
						<line number="93" hits="11" branch="false"/>
						<line number="96" hits="24" branch="true" condition-coverage="100% (2/2)">
							<conditions>
								<condition number="0" type="jump" coverage="100%"/>
							</conditions>
						</line>
						<line number="97" hits="13" branch="false"/>
						<line number="98" hits="13" branch="true" condition-coverage="100% (2/2)">
							<conditions>
								<condition number="0" type="jump" coverage="100%"/>
							</conditions>
						</line>
						<line number="99" hits="11" branch="false"/>
						<line number="101" hits="13" branch="false"/>
						<line number="102" hits="13" branch="false"/>
						<line number="104" hits="13" branch="false"/>
						<line number="107" hits="11" branch="false"/>
						<line number="111" hits="0" branch="false"/>
						<line number="115" hits="0" branch="false"/>
						<line number="119" hits="0" branch="false"/>
						<line number="132" hits="15" branch="false"/>
						<line number="134" hits="15" branch="true" condition-coverage="100% (2/2)">
							<conditions>
								<condition number="0" type="jump" coverage="100%"/>
							</conditions>
						</line>
						<line number="135" hits="8" branch="false"/>
						<line number="136" hits="7" branch="true" condition-coverage="75% (3/4)">
							<conditions>
								<condition number="0" type="jump" coverage="50%"/>
								<condition number="1" type="jump" coverage="100%"/>
							</conditions>
						</line>
						<line number="137" hits="1" branch="false"/>
						<line number="138" hits="6" branch="true" condition-coverage="75% (3/4)">
							<conditions>
								<condition number="0" type="jump" coverage="50%"/>
								<condition number="1" type="jump" coverage="100%"/>
							</conditions>
						</line>
						<line number="139" hits="2" branch="false"/>
						<line number="140" hits="4" branch="true" condition-coverage="50% (2/4)">
							<conditions>
								<condition number="0" type="jump" coverage="50%"/>
								<condition number="1" type="jump" coverage="50%"/>
							</conditions>
						</line>
						<line number="141" hits="0" branch="false"/>
						<line number="142" hits="4" branch="true" condition-coverage="75% (3/4)">
							<conditions>
								<condition number="0" type="jump" coverage="50%"/>
								<condition number="1" type="jump" coverage="100%"/>
							</conditions>
						</line>
						<line number="143" hits="2" branch="false"/>
						<line number="144" hits="2" branch="false"/>
						<line number="145" hits="2" branch="false"/>
						<line number="146" hits="2" branch="true" condition-coverage="50% (2/4)">
							<conditions>
								<condition number="0" type="jump" coverage="50%"/>
								<condition number="1" type="jump" coverage="50%"/>
							</conditions>
						</line>
						<line number="147" hits="0" branch="false"/>
						<line number="148" hits="2" branch="true" condition-coverage="50% (2/4)">
							<conditions>
								<condition number="0" type="jump" coverage="50%"/>
								<condition number="1" type="jump" coverage="50%"/>
							</conditions>
						</line>
						<line number="149" hits="2" branch="false"/>
						<line number="150" hits="0" branch="true" condition-coverage="0% (0/4)">
							<conditions>
								<condition number="0" type="jump" coverage="0%"/>
								<condition number="1" type="jump" coverage="0%"/>
							</conditions>
						</line>
						<line number="151" hits="0" branch="false"/>
						<line number="152" hits="0" branch="true" condition-coverage="0% (0/4)">
							<conditions>
								<condition number="0" type="jump" coverage="0%"/>
								<condition number="1" type="jump" coverage="0%"/>
							</conditions>
						</line>
						<line number="153" hits="0" branch="false"/>
						<line number="154" hits="0" branch="true" condition-coverage="0% (0/4)">
							<conditions>
								<condition number="0" type="jump" coverage="0%"/>
								<condition number="1" type="jump" coverage="0%"/>
							</conditions>
						</line>
						<line number="155" hits="0" branch="false"/>
						<line number="156" hits="0" branch="false"/>
						<line number="157" hits="0" branch="false"/>
						<line number="158" hits="0" branch="false"/>
						<line number="159" hits="0" branch="false"/>
						<line number="160" hits="15" branch="false"/>
						<line number="167" hits="2" branch="false"/>
						<line number="180" hits="13" branch="false"/>
						<line number="181" hits="13" branch="true" condition-coverage="50% (1/2)">
							<conditions>
								<condition number="0" type="jump" coverage="50%"/>
							</conditions>
						</line>
						<line number="182" hits="0" branch="false"/>
						<line number="185" hits="13" branch="true" condition-coverage="37% (3/8)">
							<conditions>
								<condition number="0" type="switch" coverage="37%"/>
							</conditions>
						</line>
						<line number="187" hits="11" branch="false"/>
						<line number="189" hits="1" branch="true" condition-coverage="25% (1/4)">
							<conditions>
								<condition number="0" type="jump" coverage="50%"/>
								<condition number="1" type="jump" coverage="0%"/>
							</conditions>
						</line>
						<line number="190" hits="0" branch="false"/>
						<line number="191" hits="1" branch="true" condition-coverage="25% (1/4)">
							<conditions>
								<condition number="0" type="jump" coverage="50%"/>
								<condition number="1" type="jump" coverage="0%"/>
							</conditions>
						</line>
						<line number="192" hits="1" branch="false"/>
						<line number="193" hits="1" branch="false"/>
						<line number="195" hits="1" branch="false"/>
						<line number="197" hits="1" branch="false"/>
						<line number="198" hits="1" branch="false"/>
						<line number="200" hits="0" branch="false"/>
						<line number="201" hits="0" branch="false"/>
						<line number="203" hits="0" branch="false"/>
						<line number="204" hits="0" branch="false"/>
						<line number="206" hits="0" branch="false"/>
						<line number="207" hits="0" branch="false"/>
						<line number="209" hits="0" branch="false"/>
						<line number="213" hits="1" branch="true" condition-coverage="50% (2/4)">
							<conditions>
								<condition number="0" type="jump" coverage="50%"/>
								<condition number="1" type="jump" coverage="50%"/>
							</conditions>
						</line>
						<line number="214" hits="0" branch="false"/>
						<line number="215" hits="1" branch="false"/>
						<line number="227" hits="1" branch="true" condition-coverage="50% (1/2)">
							<conditions>
								<condition number="0" type="jump" coverage="50%"/>
							</conditions>
						</line>
						<line number="228" hits="0" branch="false"/>
						<line number="230" hits="1" branch="true" condition-coverage="50% (3/6)">
							<conditions>
								<condition number="0" type="jump" coverage="50%"/>
								<condition number="1" type="jump" coverage="50%"/>
								<condition number="2" type="jump" coverage="50%"/>
							</conditions>
						</line>
						<line number="231" hits="1" branch="true" condition-coverage="50% (1/2)">
							<conditions>
								<condition number="0" type="jump" coverage="50%"/>
							</conditions>
						</line>
						<line number="232" hits="0" branch="false"/>
						<line number="234" hits="1" branch="true" condition-coverage="50% (3/6)">
							<conditions>
								<condition number="0" type="jump" coverage="50%"/>
								<condition number="1" type="jump" coverage="50%"/>
								<condition number="2" type="jump" coverage="50%"/>
							</conditions>
						</line>
						<line number="235" hits="0" branch="false"/>
						<line number="237" hits="1" branch="false"/>
						<line number="243" hits="11" branch="false"/>
						<line number="244" hits="11" branch="false"/>
						<line number="245" hits="11" branch="true" condition-coverage="100% (2/2)">
							<conditions>
								<condition number="0" type="jump" coverage="100%"/>
							</conditions>
						</line>
						<line number="246" hits="3" branch="true" condition-coverage="100% (4/4)">
							<conditions>
								<condition number="0" type="jump" coverage="100%"/>
								<condition number="1" type="jump" coverage="100%"/>
							</conditions>
						</line>
						<line number="247" hits="1" branch="false"/>
						<line number="249" hits="2" branch="false"/>
						<line number="250" hits="8" branch="true" condition-coverage="100% (4/4)">
							<conditions>
								<condition number="0" type="jump" coverage="100%"/>
								<condition number="1" type="jump" coverage="100%"/>
							</conditions>
						</line>
						<line number="251" hits="3" branch="false"/>
						<line number="252" hits="5" branch="true" condition-coverage="75% (3/4)">
							<conditions>
								<condition number="0" type="jump" coverage="100%"/>
								<condition number="1" type="jump" coverage="50%"/>
							</conditions>
						</line>
						<line number="253" hits="5" branch="false"/>
						<line number="254" hits="0" branch="false"/>
						<line number="259" hits="7" branch="false"/>
						<line number="261" hits="7" branch="true" condition-coverage="100% (2/2)">
							<conditions>
								<condition number="0" type="jump" coverage="100%"/>
							</conditions>
						</line>
						<line number="262" hits="2" branch="false"/>
						<line number="263" hits="2" branch="false"/>
						<line number="266" hits="7" branch="false"/>
						<line number="267" hits="7" branch="true" condition-coverage="100% (2/2)">
							<conditions>
								<condition number="0" type="jump" coverage="100%"/>
							</conditions>
						</line>
						<line number="268" hits="4" branch="false"/>
						<line number="269" hits="4" branch="false"/>
						<line number="270" hits="7" branch="false"/>
						<line number="271" hits="7" branch="true" condition-coverage="100% (2/2)">
							<conditions>
								<condition number="0" type="jump" coverage="100%"/>
							</conditions>
						</line>
						<line number="272" hits="1" branch="false"/>
						<line number="274" hits="6" branch="false"/>
						<line number="275" hits="7" branch="false"/>
						<line number="276" hits="7" branch="false"/>
					</lines>
				</class>
				<class name="pl.matsuo.core.util.NumberUtil" filename="pl/matsuo/core/util/NumberUtil.java" line-rate="0.3125" branch-rate="0.1" complexity="0.0">
					<methods>
						<method name="&lt;clinit&gt;" signature="()V" line-rate="1.0" branch-rate="1.0">
							<lines>
								<line number="18" hits="1" branch="false"/>
							</lines>
						</method>
						<method name="bd" signature="(Ljava/lang/Integer;)Ljava/math/BigDecimal;" line-rate="0.0" branch-rate="1.0">
							<lines>
								<line number="47" hits="0" branch="false"/>
							</lines>
						</method>
						<method name="bd" signature="(Ljava/lang/String;)Ljava/math/BigDecimal;" line-rate="1.0" branch-rate="1.0">
							<lines>
								<line number="39" hits="7" branch="false"/>
							</lines>
						</method>
						<method name="createObject" signature="(Ljava/util/function/Function;)Ljava/util/function/Function;" line-rate="1.0" branch-rate="1.0">
							<lines>
								<line number="25" hits="7" branch="false"/>
							</lines>
						</method>
						<method name="i" signature="(I)Ljava/lang/Integer;" line-rate="0.0" branch-rate="1.0">
							<lines>
								<line number="63" hits="0" branch="false"/>
							</lines>
						</method>
						<method name="i" signature="(Ljava/lang/String;)Ljava/lang/Integer;" line-rate="0.0" branch-rate="1.0">
							<lines>
								<line number="55" hits="0" branch="false"/>
							</lines>
						</method>
						<method name="lambda$createObject$5" signature="(Ljava/util/function/Function;Ljava/lang/String;)Ljava/lang/Object;" line-rate="0.6666666666666666" branch-rate="0.5">
							<lines>
								<line number="26" hits="7" branch="true" condition-coverage="50% (1/2)">
									<conditions>
										<condition number="0" type="jump" coverage="50%"/>
									</conditions>
								</line>
								<line number="27" hits="0" branch="false"/>
								<line number="30" hits="7" branch="false"/>
							</lines>
						</method>
						<method name="lambda$static$4" signature="(Ljava/math/BigDecimal;Ljava/math/BigDecimal;)Ljava/math/BigDecimal;" line-rate="1.0" branch-rate="1.0">
							<lines>
							</lines>
						</method>
						<method name="safeAddBD" signature="(Ljava/math/BigDecimal;Ljava/math/BigDecimal;)Ljava/math/BigDecimal;" line-rate="0.0" branch-rate="0.0">
							<lines>
								<line number="68" hits="0" branch="true" condition-coverage="0% (0/4)">
									<conditions>
										<condition number="0" type="jump" coverage="0%"/>
										<condition number="1" type="jump" coverage="0%"/>
									</conditions>
								</line>
								<line number="69" hits="0" branch="false"/>
								<line number="70" hits="0" branch="true" condition-coverage="0% (0/2)">
									<conditions>
										<condition number="0" type="jump" coverage="0%"/>
									</conditions>
								</line>
								<line number="71" hits="0" branch="false"/>
								<line number="72" hits="0" branch="true" condition-coverage="0% (0/2)">
									<conditions>
										<condition number="0" type="jump" coverage="0%"/>
									</conditions>
								</line>
								<line number="73" hits="0" branch="false"/>
								<line number="75" hits="0" branch="false"/>
							</lines>
						</method>
					</methods>
					<lines>
						<line number="18" hits="1" branch="false"/>
						<line number="25" hits="7" branch="false"/>
						<line number="26" hits="7" branch="true" condition-coverage="50% (1/2)">
							<conditions>
								<condition number="0" type="jump" coverage="50%"/>
							</conditions>
						</line>
						<line number="27" hits="0" branch="false"/>
						<line number="30" hits="7" branch="false"/>
						<line number="39" hits="7" branch="false"/>
						<line number="47" hits="0" branch="false"/>
						<line number="55" hits="0" branch="false"/>
						<line number="63" hits="0" branch="false"/>
						<line number="68" hits="0" branch="true" condition-coverage="0% (0/4)">
							<conditions>
								<condition number="0" type="jump" coverage="0%"/>
								<condition number="1" type="jump" coverage="0%"/>
							</conditions>
						</line>
						<line number="69" hits="0" branch="false"/>
						<line number="70" hits="0" branch="true" condition-coverage="0% (0/2)">
							<conditions>
								<condition number="0" type="jump" coverage="0%"/>
							</conditions>
						</line>
						<line number="71" hits="0" branch="false"/>
						<line number="72" hits="0" branch="true" condition-coverage="0% (0/2)">
							<conditions>
								<condition number="0" type="jump" coverage="0%"/>
							</conditions>
						</line>
						<line number="73" hits="0" branch="false"/>
						<line number="75" hits="0" branch="false"/>
					</lines>
				</class>
				<class name="pl.matsuo.core.util.ReflectUtil" filename="pl/matsuo/core/util/ReflectUtil.java" line-rate="0.16176470588235295" branch-rate="0.029411764705882353" complexity="0.0">
					<methods>
						<method name="accessMember" signature="(Ljava/lang/Object;Ljava/lang/String;Lpl/matsuo/core/util/ReflectUtil$EFunction;Lpl/matsuo/core/util/ReflectUtil$EBiFunction;)Lpl/matsuo/core/util/function/Try;" line-rate="1.0" branch-rate="1.0">
							<lines>
								<line number="43" hits="13" branch="false"/>
								<line number="45" hits="6" branch="false"/>
								<line number="46" hits="6" branch="false"/>
								<line number="48" hits="6" branch="false"/>
								<line number="50" hits="7" branch="false"/>
								<line number="52" hits="7" branch="false"/>
							</lines>
						</method>
						<method name="fieldName" signature="(Ljava/lang/String;)Ljava/lang/String;" line-rate="0.0" branch-rate="1.0">
							<lines>
								<line number="212" hits="0" branch="false"/>
							</lines>
						</method>
						<method name="getAnnoatedElement" signature="(Ljava/lang/Class;Ljava/lang/String;)Ljava/lang/reflect/AnnotatedElement;" line-rate="0.0" branch-rate="0.0">
							<lines>
								<line number="183" hits="0" branch="false"/>
								<line number="184" hits="0" branch="false"/>
								<line number="185" hits="0" branch="false"/>
								<line number="188" hits="0" branch="true" condition-coverage="0% (0/2)">
									<conditions>
										<condition number="0" type="jump" coverage="0%"/>
									</conditions>
								</line>
								<line number="189" hits="0" branch="false"/>
								<line number="192" hits="0" branch="false"/>
							</lines>
						</method>
						<method name="getExactAnnoatedElement" signature="(Ljava/lang/Class;Ljava/lang/String;)Ljava/lang/reflect/AnnotatedElement;" line-rate="0.0" branch-rate="0.0">
							<lines>
								<line number="157" hits="0" branch="true" condition-coverage="0% (0/4)">
									<conditions>
										<condition number="0" type="jump" coverage="0%"/>
										<condition number="1" type="jump" coverage="0%"/>
									</conditions>
								</line>
								<line number="158" hits="0" branch="false"/>
								<line number="163" hits="0" branch="false"/>
								<line number="164" hits="0" branch="false"/>
								<line number="167" hits="0" branch="false"/>
								<line number="168" hits="0" branch="false"/>
								<line number="171" hits="0" branch="false"/>
								<line number="172" hits="0" branch="true" condition-coverage="0% (0/2)">
									<conditions>
										<condition number="0" type="jump" coverage="0%"/>
									</conditions>
								</line>
								<line number="173" hits="0" branch="false"/>
								<line number="175" hits="0" branch="false"/>
								<line number="178" hits="0" branch="false"/>
							</lines>
						</method>
						<method name="getExactAnnotatedElement" signature="(Ljava/util/List;Ljava/lang/String;)Ljava/lang/reflect/AnnotatedElement;" line-rate="0.0" branch-rate="0.0">
							<lines>
								<line number="142" hits="0" branch="true" condition-coverage="0% (0/2)">
									<conditions>
										<condition number="0" type="jump" coverage="0%"/>
									</conditions>
								</line>
								<line number="143" hits="0" branch="false"/>
								<line number="144" hits="0" branch="true" condition-coverage="0% (0/2)">
									<conditions>
										<condition number="0" type="jump" coverage="0%"/>
									</conditions>
								</line>
								<line number="145" hits="0" branch="false"/>
								<line number="147" hits="0" branch="false"/>
								<line number="149" hits="0" branch="false"/>
							</lines>
						</method>
						<method name="getExactPropertyType" signature="(Ljava/lang/Class;Ljava/lang/String;)Ljava/lang/Class;" line-rate="0.0" branch-rate="0.0">
							<lines>
								<line number="91" hits="0" branch="true" condition-coverage="0% (0/4)">
									<conditions>
										<condition number="0" type="jump" coverage="0%"/>
										<condition number="1" type="jump" coverage="0%"/>
									</conditions>
								</line>
								<line number="92" hits="0" branch="false"/>
								<line number="97" hits="0" branch="false"/>
								<line number="98" hits="0" branch="false"/>
								<line number="102" hits="0" branch="false"/>
								<line number="103" hits="0" branch="false"/>
								<line number="106" hits="0" branch="false"/>
								<line number="107" hits="0" branch="true" condition-coverage="0% (0/2)">
									<conditions>
										<condition number="0" type="jump" coverage="0%"/>
									</conditions>
								</line>
								<line number="108" hits="0" branch="false"/>
								<line number="110" hits="0" branch="false"/>
								<line number="113" hits="0" branch="false"/>
							</lines>
						</method>
						<method name="getExactPropertyType" signature="(Ljava/util/List;Ljava/lang/String;)Ljava/lang/Class;" line-rate="0.0" branch-rate="0.0">
							<lines>
								<line number="76" hits="0" branch="true" condition-coverage="0% (0/2)">
									<conditions>
										<condition number="0" type="jump" coverage="0%"/>
									</conditions>
								</line>
								<line number="77" hits="0" branch="false"/>
								<line number="78" hits="0" branch="true" condition-coverage="0% (0/2)">
									<conditions>
										<condition number="0" type="jump" coverage="0%"/>
									</conditions>
								</line>
								<line number="79" hits="0" branch="false"/>
								<line number="81" hits="0" branch="false"/>
								<line number="83" hits="0" branch="false"/>
							</lines>
						</method>
						<method name="getPropertyType" signature="(Ljava/lang/Class;Ljava/lang/String;)Ljava/lang/Class;" line-rate="0.0" branch-rate="0.0">
							<lines>
								<line number="121" hits="0" branch="false"/>
								<line number="122" hits="0" branch="true" condition-coverage="0% (0/2)">
									<conditions>
										<condition number="0" type="jump" coverage="0%"/>
									</conditions>
								</line>
								<line number="123" hits="0" branch="false"/>
								<line number="125" hits="0" branch="true" condition-coverage="0% (0/2)">
									<conditions>
										<condition number="0" type="jump" coverage="0%"/>
									</conditions>
								</line>
								<line number="126" hits="0" branch="false"/>
								<line number="130" hits="0" branch="true" condition-coverage="0% (0/2)">
									<conditions>
										<condition number="0" type="jump" coverage="0%"/>
									</conditions>
								</line>
								<line number="131" hits="0" branch="false"/>
								<line number="133" hits="0" branch="false"/>
							</lines>
						</method>
						<method name="getValue" signature="(Ljava/lang/Object;Ljava/lang/String;)Ljava/lang/Object;" line-rate="1.0" branch-rate="1.0">
							<lines>
								<line number="68" hits="6" branch="false"/>
							</lines>
						</method>
						<method name="getValue" signature="(Ljava/lang/Object;Ljava/lang/String;Ljava/lang/Class;)Lpl/matsuo/core/util/function/Try;" line-rate="0.6666666666666666" branch-rate="0.5">
							<lines>
								<line number="57" hits="8" branch="true" condition-coverage="50% (1/2)">
									<conditions>
										<condition number="0" type="jump" coverage="50%"/>
									</conditions>
								</line>
								<line number="58" hits="8" branch="false"/>
								<line number="63" hits="0" branch="false"/>
							</lines>
						</method>
						<method name="invoke" signature="(Ljava/lang/Object;Ljava/lang/String;[Ljava/lang/Object;)Ljava/lang/Object;" line-rate="0.0" branch-rate="0.0">
							<lines>
								<line number="197" hits="0" branch="true" condition-coverage="0% (0/2)">
									<conditions>
										<condition number="0" type="jump" coverage="0%"/>
									</conditions>
								</line>
								<line number="198" hits="0" branch="true" condition-coverage="0% (0/2)">
									<conditions>
										<condition number="0" type="jump" coverage="0%"/>
									</conditions>
								</line>
								<line number="200" hits="0" branch="false"/>
								<line number="201" hits="0" branch="false"/>
								<line number="202" hits="0" branch="false"/>
								<line number="207" hits="0" branch="false"/>
							</lines>
						</method>
						<method name="lambda$MR$null$getDeclaredMethod$73dabb73$1" signature="(Ljava/lang/Class;Ljava/lang/String;)Ljava/lang/Object;" line-rate="1.0" branch-rate="1.0">
							<lines>
								<line number="59" hits="13" branch="false"/>
							</lines>
						</method>
						<method name="lambda$MR$null$invoke$e21ddd62$1" signature="(Ljava/lang/Object;Ljava/lang/Object;)Ljava/lang/Object;" line-rate="1.0" branch-rate="1.0">
							<lines>
							</lines>
						</method>
						<method name="lambda$getValue$0" signature="(Ljava/lang/Object;Ljava/lang/String;Ljava/lang/Class;)Lpl/matsuo/core/util/function/Try;" line-rate="1.0" branch-rate="1.0">
							<lines>
							</lines>
						</method>
						<method name="lambda$getValue$1" signature="(Ljava/lang/Object;Ljava/lang/String;Ljava/lang/Class;)Lpl/matsuo/core/util/function/Try;" line-rate="1.0" branch-rate="1.0">
							<lines>
								<line number="60" hits="10" branch="false"/>
							</lines>
						</method>
						<method name="resolveType" signature="(Ljava/lang/Class;Ljava/lang/Class;I)Ljava/lang/Class;" line-rate="0.0" branch-rate="1.0">
							<lines>
								<line number="26" hits="0" branch="false"/>
							</lines>
						</method>
					</methods>
					<lines>
						<line number="26" hits="0" branch="false"/>
						<line number="43" hits="13" branch="false"/>
						<line number="45" hits="6" branch="false"/>
						<line number="46" hits="6" branch="false"/>
						<line number="48" hits="6" branch="false"/>
						<line number="50" hits="7" branch="false"/>
						<line number="52" hits="7" branch="false"/>
						<line number="57" hits="8" branch="true" condition-coverage="50% (1/2)">
							<conditions>
								<condition number="0" type="jump" coverage="50%"/>
							</conditions>
						</line>
						<line number="58" hits="8" branch="false"/>
						<line number="59" hits="13" branch="false"/>
						<line number="60" hits="10" branch="false"/>
						<line number="63" hits="0" branch="false"/>
						<line number="68" hits="6" branch="false"/>
						<line number="76" hits="0" branch="true" condition-coverage="0% (0/2)">
							<conditions>
								<condition number="0" type="jump" coverage="0%"/>
							</conditions>
						</line>
						<line number="77" hits="0" branch="false"/>
						<line number="78" hits="0" branch="true" condition-coverage="0% (0/2)">
							<conditions>
								<condition number="0" type="jump" coverage="0%"/>
							</conditions>
						</line>
						<line number="79" hits="0" branch="false"/>
						<line number="81" hits="0" branch="false"/>
						<line number="83" hits="0" branch="false"/>
						<line number="91" hits="0" branch="true" condition-coverage="0% (0/4)">
							<conditions>
								<condition number="0" type="jump" coverage="0%"/>
								<condition number="1" type="jump" coverage="0%"/>
							</conditions>
						</line>
						<line number="92" hits="0" branch="false"/>
						<line number="97" hits="0" branch="false"/>
						<line number="98" hits="0" branch="false"/>
						<line number="102" hits="0" branch="false"/>
						<line number="103" hits="0" branch="false"/>
						<line number="106" hits="0" branch="false"/>
						<line number="107" hits="0" branch="true" condition-coverage="0% (0/2)">
							<conditions>
								<condition number="0" type="jump" coverage="0%"/>
							</conditions>
						</line>
						<line number="108" hits="0" branch="false"/>
						<line number="110" hits="0" branch="false"/>
						<line number="113" hits="0" branch="false"/>
						<line number="121" hits="0" branch="false"/>
						<line number="122" hits="0" branch="true" condition-coverage="0% (0/2)">
							<conditions>
								<condition number="0" type="jump" coverage="0%"/>
							</conditions>
						</line>
						<line number="123" hits="0" branch="false"/>
						<line number="125" hits="0" branch="true" condition-coverage="0% (0/2)">
							<conditions>
								<condition number="0" type="jump" coverage="0%"/>
							</conditions>
						</line>
						<line number="126" hits="0" branch="false"/>
						<line number="130" hits="0" branch="true" condition-coverage="0% (0/2)">
							<conditions>
								<condition number="0" type="jump" coverage="0%"/>
							</conditions>
						</line>
						<line number="131" hits="0" branch="false"/>
						<line number="133" hits="0" branch="false"/>
						<line number="142" hits="0" branch="true" condition-coverage="0% (0/2)">
							<conditions>
								<condition number="0" type="jump" coverage="0%"/>
							</conditions>
						</line>
						<line number="143" hits="0" branch="false"/>
						<line number="144" hits="0" branch="true" condition-coverage="0% (0/2)">
							<conditions>
								<condition number="0" type="jump" coverage="0%"/>
							</conditions>
						</line>
						<line number="145" hits="0" branch="false"/>
						<line number="147" hits="0" branch="false"/>
						<line number="149" hits="0" branch="false"/>
						<line number="157" hits="0" branch="true" condition-coverage="0% (0/4)">
							<conditions>
								<condition number="0" type="jump" coverage="0%"/>
								<condition number="1" type="jump" coverage="0%"/>
							</conditions>
						</line>
						<line number="158" hits="0" branch="false"/>
						<line number="163" hits="0" branch="false"/>
						<line number="164" hits="0" branch="false"/>
						<line number="167" hits="0" branch="false"/>
						<line number="168" hits="0" branch="false"/>
						<line number="171" hits="0" branch="false"/>
						<line number="172" hits="0" branch="true" condition-coverage="0% (0/2)">
							<conditions>
								<condition number="0" type="jump" coverage="0%"/>
							</conditions>
						</line>
						<line number="173" hits="0" branch="false"/>
						<line number="175" hits="0" branch="false"/>
						<line number="178" hits="0" branch="false"/>
						<line number="183" hits="0" branch="false"/>
						<line number="184" hits="0" branch="false"/>
						<line number="185" hits="0" branch="false"/>
						<line number="188" hits="0" branch="true" condition-coverage="0% (0/2)">
							<conditions>
								<condition number="0" type="jump" coverage="0%"/>
							</conditions>
						</line>
						<line number="189" hits="0" branch="false"/>
						<line number="192" hits="0" branch="false"/>
						<line number="197" hits="0" branch="true" condition-coverage="0% (0/2)">
							<conditions>
								<condition number="0" type="jump" coverage="0%"/>
							</conditions>
						</line>
						<line number="198" hits="0" branch="true" condition-coverage="0% (0/2)">
							<conditions>
								<condition number="0" type="jump" coverage="0%"/>
							</conditions>
						</line>
						<line number="200" hits="0" branch="false"/>
						<line number="201" hits="0" branch="false"/>
						<line number="202" hits="0" branch="false"/>
						<line number="207" hits="0" branch="false"/>
						<line number="212" hits="0" branch="false"/>
					</lines>
				</class>
				<class name="pl.matsuo.core.util.ReflectUtil$EBiFunction" filename="pl/matsuo/core/util/ReflectUtil.java" line-rate="1.0" branch-rate="1.0" complexity="0.0">
					<methods>
					</methods>
					<lines>
					</lines>
				</class>
				<class name="pl.matsuo.core.util.ReflectUtil$EFunction" filename="pl/matsuo/core/util/ReflectUtil.java" line-rate="1.0" branch-rate="1.0" complexity="0.0">
					<methods>
					</methods>
					<lines>
					</lines>
				</class>
				<class name="pl.matsuo.core.util.RegexUtil" filename="pl/matsuo/core/util/RegexUtil.java" line-rate="0.0" branch-rate="1.0" complexity="1.0">
					<methods>
						<method name="findGroup" signature="(Ljava/lang/String;Ljava/util/regex/Pattern;I)Ljava/lang/String;" line-rate="0.0" branch-rate="1.0">
							<lines>
								<line number="15" hits="0" branch="false"/>
								<line number="16" hits="0" branch="false"/>
								<line number="17" hits="0" branch="false"/>
							</lines>
						</method>
					</methods>
					<lines>
						<line number="15" hits="0" branch="false"/>
						<line number="16" hits="0" branch="false"/>
						<line number="17" hits="0" branch="false"/>
					</lines>
				</class>
				<class name="pl.matsuo.core.util.SecurityUtil" filename="pl/matsuo/core/util/SecurityUtil.java" line-rate="0.6" branch-rate="1.0" complexity="4.0">
					<methods>
						<method name="passwordHash" signature="(Ljava/lang/String;)Ljava/lang/String;" line-rate="0.6" branch-rate="1.0">
							<lines>
								<line number="17" hits="2" branch="false"/>
								<line number="18" hits="2" branch="false"/>
								<line number="19" hits="2" branch="false"/>
								<line number="20" hits="0" branch="false"/>
								<line number="21" hits="0" branch="false"/>
							</lines>
						</method>
					</methods>
					<lines>
						<line number="17" hits="2" branch="false"/>
						<line number="18" hits="2" branch="false"/>
						<line number="19" hits="2" branch="false"/>
						<line number="20" hits="0" branch="false"/>
						<line number="21" hits="0" branch="false"/>
					</lines>
				</class>
				<class name="pl.matsuo.core.util.StringUtil" filename="pl/matsuo/core/util/StringUtil.java" line-rate="1.0" branch-rate="0.875" complexity="2.5">
					<methods>
						<method name="camelCaseToCssName" signature="(Ljava/lang/String;)Ljava/lang/String;" line-rate="1.0" branch-rate="1.0">
							<lines>
								<line number="21" hits="1" branch="false"/>
								<line number="22" hits="1" branch="false"/>
								<line number="24" hits="12" branch="true" condition-coverage="100% (2/2)">
									<conditions>
										<condition number="0" type="jump" coverage="100%"/>
									</conditions>
								</line>
								<line number="25" hits="11" branch="true" condition-coverage="100% (2/2)">
									<conditions>
										<condition number="0" type="jump" coverage="100%"/>
									</conditions>
								</line>
								<line number="26" hits="10" branch="false"/>
								<line number="28" hits="1" branch="false"/>
								<line number="32" hits="1" branch="false"/>
							</lines>
						</method>
						<method name="notEmpty" signature="(Ljava/lang/String;)Z" line-rate="1.0" branch-rate="0.75">
							<lines>
								<line number="16" hits="2" branch="true" condition-coverage="75% (3/4)">
									<conditions>
										<condition number="0" type="jump" coverage="50%"/>
										<condition number="1" type="jump" coverage="100%"/>
									</conditions>
								</line>
							</lines>
						</method>
					</methods>
					<lines>
						<line number="16" hits="2" branch="true" condition-coverage="75% (3/4)">
							<conditions>
								<condition number="0" type="jump" coverage="50%"/>
								<condition number="1" type="jump" coverage="100%"/>
							</conditions>
						</line>
						<line number="21" hits="1" branch="false"/>
						<line number="22" hits="1" branch="false"/>
						<line number="24" hits="12" branch="true" condition-coverage="100% (2/2)">
							<conditions>
								<condition number="0" type="jump" coverage="100%"/>
							</conditions>
						</line>
						<line number="25" hits="11" branch="true" condition-coverage="100% (2/2)">
							<conditions>
								<condition number="0" type="jump" coverage="100%"/>
							</conditions>
						</line>
						<line number="26" hits="10" branch="false"/>
						<line number="28" hits="1" branch="false"/>
						<line number="32" hits="1" branch="false"/>
					</lines>
				</class>
			</classes>
		</package>
		<package name="pl.matsuo.core.util.collection" line-rate="0.0" branch-rate="0.0" complexity="1.0">
			<classes>
				<class name="pl.matsuo.core.util.collection.ArrayUtil" filename="pl/matsuo/core/util/collection/ArrayUtil.java" line-rate="0.0" branch-rate="1.0" complexity="1.0">
					<methods>
						<method name="last" signature="([Ljava/lang/Object;)Ljava/lang/Object;" line-rate="0.0" branch-rate="1.0">
							<lines>
								<line number="11" hits="0" branch="false"/>
							</lines>
						</method>
						<method name="merge" signature="([Ljava/lang/Object;[Ljava/lang/Object;)[Ljava/lang/Object;" line-rate="0.0" branch-rate="1.0">
							<lines>
								<line number="16" hits="0" branch="false"/>
							</lines>
						</method>
					</methods>
					<lines>
						<line number="11" hits="0" branch="false"/>
						<line number="16" hits="0" branch="false"/>
					</lines>
				</class>
				<class name="pl.matsuo.core.util.collection.CollectionUtil" filename="pl/matsuo/core/util/collection/CollectionUtil.java" line-rate="0.0" branch-rate="0.0" complexity="0.0">
					<methods>
						<method name="&lt;clinit&gt;" signature="()V" line-rate="0.0" branch-rate="1.0">
							<lines>
								<line number="64" hits="0" branch="false"/>
							</lines>
						</method>
						<method name="collect" signature="(Ljava/util/Collection;Ljava/lang/String;)Ljava/util/List;" line-rate="1.0" branch-rate="1.0">
							<lines>
							</lines>
						</method>
						<method name="flatten" signature="([Ljava/util/Collection;)Ljava/util/List;" line-rate="0.0" branch-rate="0.0">
							<lines>
								<line number="40" hits="0" branch="false"/>
								<line number="42" hits="0" branch="true" condition-coverage="0% (0/2)">
									<conditions>
										<condition number="0" type="jump" coverage="0%"/>
									</conditions>
								</line>
								<line number="43" hits="0" branch="false"/>
								<line number="46" hits="0" branch="false"/>
							</lines>
						</method>
						<method name="fold" signature="(Ljava/util/Collection;Ljava/lang/Object;Ljava/util/function/BiFunction;)Ljava/lang/Object;" line-rate="0.0" branch-rate="0.0">
							<lines>
								<line number="128" hits="0" branch="false"/>
								<line number="130" hits="0" branch="true" condition-coverage="0% (0/2)">
									<conditions>
										<condition number="0" type="jump" coverage="0%"/>
									</conditions>
								</line>
								<line number="131" hits="0" branch="false"/>
								<line number="132" hits="0" branch="false"/>
								<line number="133" hits="0" branch="false"/>
							</lines>
						</method>
						<method name="lambda$collect$2" signature="(Ljava/lang/String;Ljava/lang/Object;)Ljava/lang/Object;" line-rate="0.0" branch-rate="1.0">
							<lines>
								<line number="31" hits="0" branch="false"/>
							</lines>
						</method>
						<method name="lambda$static$3" signature="(Ljava/lang/Object;)Ljava/lang/String;" line-rate="1.0" branch-rate="1.0">
							<lines>
							</lines>
						</method>
						<method name="last" signature="(Ljava/util/List;)Ljava/lang/Object;" line-rate="0.0" branch-rate="1.0">
							<lines>
								<line number="81" hits="0" branch="false"/>
							</lines>
						</method>
						<method name="merge" signature="([Ljava/util/Collection;)Ljava/util/List;" line-rate="0.0" branch-rate="0.0">
							<lines>
								<line number="86" hits="0" branch="false"/>
								<line number="88" hits="0" branch="true" condition-coverage="0% (0/2)">
									<conditions>
										<condition number="0" type="jump" coverage="0%"/>
									</conditions>
								</line>
								<line number="89" hits="0" branch="false"/>
								<line number="92" hits="0" branch="false"/>
							</lines>
						</method>
						<method name="range" signature="(Ljava/lang/Integer;Ljava/lang/Integer;)Ljava/util/stream/Stream;" line-rate="0.0" branch-rate="0.0">
							<lines>
								<line number="138" hits="0" branch="false"/>
								<line number="140" hits="0" branch="true" condition-coverage="0% (0/2)">
									<conditions>
										<condition number="0" type="jump" coverage="0%"/>
									</conditions>
								</line>
								<line number="141" hits="0" branch="false"/>
								<line number="144" hits="0" branch="false"/>
							</lines>
						</method>
						<method name="reMap" signature="(Ljava/util/Map;Ljava/util/function/Function;)Ljava/util/Map;" line-rate="0.0" branch-rate="0.0">
							<lines>
								<line number="71" hits="0" branch="false"/>
								<line number="72" hits="0" branch="true" condition-coverage="0% (0/2)">
									<conditions>
										<condition number="0" type="jump" coverage="0%"/>
									</conditions>
								</line>
								<line number="73" hits="0" branch="false"/>
								<line number="74" hits="0" branch="false"/>
								<line number="76" hits="0" branch="false"/>
							</lines>
						</method>
						<method name="removeNulls" signature="(Ljava/util/Collection;)Ljava/util/Collection;" line-rate="0.0" branch-rate="0.0">
							<lines>
								<line number="97" hits="0" branch="false"/>
								<line number="98" hits="0" branch="true" condition-coverage="0% (0/2)">
									<conditions>
										<condition number="0" type="jump" coverage="0%"/>
									</conditions>
								</line>
								<line number="99" hits="0" branch="true" condition-coverage="0% (0/2)">
									<conditions>
										<condition number="0" type="jump" coverage="0%"/>
									</conditions>
								</line>
								<line number="100" hits="0" branch="false"/>
								<line number="104" hits="0" branch="false"/>
							</lines>
						</method>
						<method name="stringMap" signature="([Ljava/lang/String;)Ljava/util/Map;" line-rate="0.0" branch-rate="0.0">
							<lines>
								<line number="109" hits="0" branch="false"/>
								<line number="111" hits="0" branch="true" condition-coverage="0% (0/2)">
									<conditions>
										<condition number="0" type="jump" coverage="0%"/>
									</conditions>
								</line>
								<line number="112" hits="0" branch="false"/>
								<line number="115" hits="0" branch="false"/>
							</lines>
						</method>
						<method name="toMap" signature="(Ljava/util/Collection;Ljava/lang/String;)Ljava/util/Map;" line-rate="0.0" branch-rate="0.0">
							<lines>
								<line number="55" hits="0" branch="false"/>
								<line number="56" hits="0" branch="true" condition-coverage="0% (0/2)">
									<conditions>
										<condition number="0" type="jump" coverage="0%"/>
									</conditions>
								</line>
								<line number="57" hits="0" branch="false"/>
								<line number="58" hits="0" branch="false"/>
								<line number="60" hits="0" branch="false"/>
							</lines>
						</method>
					</methods>
					<lines>
						<line number="31" hits="0" branch="false"/>
						<line number="40" hits="0" branch="false"/>
						<line number="42" hits="0" branch="true" condition-coverage="0% (0/2)">
							<conditions>
								<condition number="0" type="jump" coverage="0%"/>
							</conditions>
						</line>
						<line number="43" hits="0" branch="false"/>
						<line number="46" hits="0" branch="false"/>
						<line number="55" hits="0" branch="false"/>
						<line number="56" hits="0" branch="true" condition-coverage="0% (0/2)">
							<conditions>
								<condition number="0" type="jump" coverage="0%"/>
							</conditions>
						</line>
						<line number="57" hits="0" branch="false"/>
						<line number="58" hits="0" branch="false"/>
						<line number="60" hits="0" branch="false"/>
						<line number="64" hits="0" branch="false"/>
						<line number="71" hits="0" branch="false"/>
						<line number="72" hits="0" branch="true" condition-coverage="0% (0/2)">
							<conditions>
								<condition number="0" type="jump" coverage="0%"/>
							</conditions>
						</line>
						<line number="73" hits="0" branch="false"/>
						<line number="74" hits="0" branch="false"/>
						<line number="76" hits="0" branch="false"/>
						<line number="81" hits="0" branch="false"/>
						<line number="86" hits="0" branch="false"/>
						<line number="88" hits="0" branch="true" condition-coverage="0% (0/2)">
							<conditions>
								<condition number="0" type="jump" coverage="0%"/>
							</conditions>
						</line>
						<line number="89" hits="0" branch="false"/>
						<line number="92" hits="0" branch="false"/>
						<line number="97" hits="0" branch="false"/>
						<line number="98" hits="0" branch="true" condition-coverage="0% (0/2)">
							<conditions>
								<condition number="0" type="jump" coverage="0%"/>
							</conditions>
						</line>
						<line number="99" hits="0" branch="true" condition-coverage="0% (0/2)">
							<conditions>
								<condition number="0" type="jump" coverage="0%"/>
							</conditions>
						</line>
						<line number="100" hits="0" branch="false"/>
						<line number="104" hits="0" branch="false"/>
						<line number="109" hits="0" branch="false"/>
						<line number="111" hits="0" branch="true" condition-coverage="0% (0/2)">
							<conditions>
								<condition number="0" type="jump" coverage="0%"/>
							</conditions>
						</line>
						<line number="112" hits="0" branch="false"/>
						<line number="115" hits="0" branch="false"/>
						<line number="128" hits="0" branch="false"/>
						<line number="130" hits="0" branch="true" condition-coverage="0% (0/2)">
							<conditions>
								<condition number="0" type="jump" coverage="0%"/>
							</conditions>
						</line>
						<line number="131" hits="0" branch="false"/>
						<line number="132" hits="0" branch="false"/>
						<line number="133" hits="0" branch="false"/>
						<line number="138" hits="0" branch="false"/>
						<line number="140" hits="0" branch="true" condition-coverage="0% (0/2)">
							<conditions>
								<condition number="0" type="jump" coverage="0%"/>
							</conditions>
						</line>
						<line number="141" hits="0" branch="false"/>
						<line number="144" hits="0" branch="false"/>
					</lines>
				</class>
			</classes>
		</package>
		<package name="pl.matsuo.core.util.function" line-rate="0.018691588785046728" branch-rate="0.0" complexity="1.7941176470588236">
			<classes>
				<class name="pl.matsuo.core.util.function.Failure" filename="pl/matsuo/core/util/function/Failure.java" line-rate="0.5" branch-rate="1.0" complexity="1.3333333333333333">
					<methods>
						<method name="get" signature="()Ljava/lang/Object;" line-rate="0.0" branch-rate="1.0">
							<lines>
								<line number="13" hits="0" branch="false"/>
							</lines>
						</method>
						<method name="ifFailure" signature="(Ljava/util/function/Supplier;)Lpl/matsuo/core/util/function/Try;" line-rate="1.0" branch-rate="1.0">
							<lines>
								<line number="19" hits="7" branch="false"/>
							</lines>
						</method>
					</methods>
					<lines>
						<line number="13" hits="0" branch="false"/>
						<line number="19" hits="7" branch="false"/>
					</lines>
				</class>
				<class name="pl.matsuo.core.util.function.FunctionalUtil" filename="pl/matsuo/core/util/function/FunctionalUtil.java" line-rate="0.0" branch-rate="0.0" complexity="0.0">
					<methods>
						<method name="&lt;clinit&gt;" signature="()V" line-rate="0.0" branch-rate="1.0">
							<lines>
								<line number="25" hits="0" branch="false"/>
								<line number="122" hits="0" branch="false"/>
								<line number="126" hits="0" branch="false"/>
							</lines>
						</method>
						<method name="access" signature="(Ljava/lang/Object;Ljava/lang/reflect/Field;)Lpl/matsuo/core/util/function/FunctionalUtil$AccessProvider;" line-rate="1.0" branch-rate="1.0">
							<lines>
							</lines>
						</method>
						<method name="access" signature="(Ljava/util/function/Supplier;Ljava/util/function/Consumer;)Lpl/matsuo/core/util/function/FunctionalUtil$AccessProvider;" line-rate="0.0" branch-rate="1.0">
							<lines>
								<line number="81" hits="0" branch="false"/>
							</lines>
						</method>
						<method name="collectList" signature="(Ljava/util/function/Supplier;Ljava/util/function/Supplier;)Ljava/util/List;" line-rate="0.0" branch-rate="1.0">
							<lines>
								<line number="238" hits="0" branch="false"/>
								<line number="240" hits="0" branch="false"/>
							</lines>
[...]
						<line number="250" hits="0" branch="false"/>
						<line number="267" hits="0" branch="false"/>
					</lines>
				</class>
				<class name="pl.matsuo.core.util.function.FunctionalUtil$1" filename="pl/matsuo/core/util/function/FunctionalUtil.java" line-rate="0.0" branch-rate="0.0" complexity="0.0">
					<methods>
						<method name="hasNext" signature="()Z" line-rate="0.0" branch-rate="0.0">
							<lines>
								<line number="256" hits="0" branch="true" condition-coverage="0% (0/2)">
									<conditions>
										<condition number="0" type="jump" coverage="0%"/>
									</conditions>
								</line>
							</lines>
						</method>
						<method name="next" signature="()Ljava/lang/Object;" line-rate="0.0" branch-rate="1.0">
							<lines>
								<line number="262" hits="0" branch="false"/>
								<line number="263" hits="0" branch="false"/>
							</lines>
						</method>
					</methods>
					<lines>
						<line number="256" hits="0" branch="true" condition-coverage="0% (0/2)">
							<conditions>
								<condition number="0" type="jump" coverage="0%"/>
							</conditions>
						</line>
						<line number="262" hits="0" branch="false"/>
						<line number="263" hits="0" branch="false"/>
					</lines>
				</class>
				<class name="pl.matsuo.core.util.function.FunctionalUtil$AccessProvider" filename="pl/matsuo/core/util/function/FunctionalUtil.java" line-rate="0.0" branch-rate="0.0" complexity="0.0">
					<methods>
						<method name="accept" signature="(Ljava/lang/Object;)V" line-rate="0.0" branch-rate="1.0">
							<lines>
								<line number="67" hits="0" branch="false"/>
								<line number="68" hits="0" branch="false"/>
							</lines>
						</method>
						<method name="get" signature="()Ljava/lang/Object;" line-rate="0.0" branch-rate="1.0">
							<lines>
								<line number="72" hits="0" branch="false"/>
							</lines>
						</method>
						<method name="invoke" signature="(Ljava/util/function/Consumer;)Lpl/matsuo/core/util/function/FunctionalUtil$AccessProvider;" line-rate="0.0" branch-rate="1.0">
							<lines>
								<line number="61" hits="0" branch="false"/>
								<line number="62" hits="0" branch="false"/>
							</lines>
						</method>
						<method name="lambda$setIfNull$6" signature="(Ljava/lang/Object;)V" line-rate="0.0" branch-rate="1.0">
							<lines>
								<line number="57" hits="0" branch="false"/>
							</lines>
						</method>
						<method name="setIfNull" signature="(Ljava/util/function/Supplier;)Lpl/matsuo/core/util/function/FunctionalUtil$AccessProvider;" line-rate="1.0" branch-rate="1.0">
							<lines>
							</lines>
						</method>
						<method name="setIfNull" signature="(Ljava/util/function/Supplier;Ljava/util/function/Consumer;)Lpl/matsuo/core/util/function/FunctionalUtil$AccessProvider;" line-rate="0.0" branch-rate="0.0">
							<lines>
								<line number="47" hits="0" branch="true" condition-coverage="0% (0/2)">
									<conditions>
										<condition number="0" type="jump" coverage="0%"/>
									</conditions>
								</line>
								<line number="48" hits="0" branch="false"/>
								<line number="49" hits="0" branch="false"/>
								<line number="50" hits="0" branch="false"/>
								<line number="52" hits="0" branch="false"/>
							</lines>
						</method>
					</methods>
					<lines>
						<line number="47" hits="0" branch="true" condition-coverage="0% (0/2)">
							<conditions>
								<condition number="0" type="jump" coverage="0%"/>
							</conditions>
						</line>
						<line number="48" hits="0" branch="false"/>
						<line number="49" hits="0" branch="false"/>
						<line number="50" hits="0" branch="false"/>
						<line number="52" hits="0" branch="false"/>
						<line number="57" hits="0" branch="false"/>
						<line number="61" hits="0" branch="false"/>
						<line number="62" hits="0" branch="false"/>
						<line number="67" hits="0" branch="false"/>
						<line number="68" hits="0" branch="false"/>
						<line number="72" hits="0" branch="false"/>
					</lines>
				</class>
				<class name="pl.matsuo.core.util.function.Optional" filename="pl/matsuo/core/util/function/Optional.java" line-rate="0.0" branch-rate="0.0" complexity="2.3">
					<methods>
						<method name="&lt;clinit&gt;" signature="()V" line-rate="0.0" branch-rate="1.0">
							<lines>
								<line number="33" hits="0" branch="false"/>
							</lines>
						</method>
						<method name="&lt;init&gt;" signature="(Ljava/lang/Object;)V" line-rate="0.0" branch-rate="1.0">
							<lines>
								<line number="78" hits="0" branch="false"/>
								<line number="79" hits="0" branch="false"/>
								<line number="80" hits="0" branch="false"/>
							</lines>
						</method>
						<method name="empty" signature="()Lpl/matsuo/core/util/function/Optional;" line-rate="0.0" branch-rate="1.0">
							<lines>
								<line number="68" hits="0" branch="false"/>
								<line number="69" hits="0" branch="false"/>
							</lines>
						</method>
						<method name="equals" signature="(Ljava/lang/Object;)Z" line-rate="0.0" branch-rate="0.0">
							<lines>
								<line number="347" hits="0" branch="true" condition-coverage="0% (0/2)">
									<conditions>
										<condition number="0" type="jump" coverage="0%"/>
									</conditions>
								</line>
								<line number="348" hits="0" branch="false"/>
								<line number="351" hits="0" branch="true" condition-coverage="0% (0/2)">
									<conditions>
										<condition number="0" type="jump" coverage="0%"/>
									</conditions>
								</line>
								<line number="352" hits="0" branch="false"/>
								<line number="355" hits="0" branch="false"/>
								<line number="356" hits="0" branch="false"/>
							</lines>
						</method>
						<method name="filter" signature="(Ljava/util/function/Predicate;)Lpl/matsuo/core/util/function/Optional;" line-rate="0.0" branch-rate="0.0">
							<lines>
								<line number="157" hits="0" branch="false"/>
								<line number="158" hits="0" branch="true" condition-coverage="0% (0/2)">
									<conditions>
										<condition number="0" type="jump" coverage="0%"/>
									</conditions>
								</line>
								<line number="159" hits="0" branch="false"/>
								<line number="161" hits="0" branch="true" condition-coverage="0% (0/2)">
									<conditions>
										<condition number="0" type="jump" coverage="0%"/>
									</conditions>
								</line>
							</lines>
						</method>
						<method name="flatMap" signature="(Ljava/util/function/Function;)Lpl/matsuo/core/util/function/Optional;" line-rate="0.0" branch-rate="0.0">
							<lines>
								<line number="222" hits="0" branch="false"/>
								<line number="223" hits="0" branch="true" condition-coverage="0% (0/2)">
									<conditions>
										<condition number="0" type="jump" coverage="0%"/>
									</conditions>
								</line>
								<line number="224" hits="0" branch="false"/>
								<line number="226" hits="0" branch="false"/>
							</lines>
						</method>
						<method name="get" signature="()Ljava/lang/Object;" line-rate="0.0" branch-rate="0.0">
							<lines>
								<line number="117" hits="0" branch="true" condition-coverage="0% (0/2)">
									<conditions>
										<condition number="0" type="jump" coverage="0%"/>
									</conditions>
								</line>
								<line number="118" hits="0" branch="false"/>
								<line number="120" hits="0" branch="false"/>
							</lines>
						</method>
						<method name="hashCode" signature="()I" line-rate="0.0" branch-rate="1.0">
							<lines>
								<line number="367" hits="0" branch="false"/>
							</lines>
						</method>
						<method name="ifPresent" signature="(Ljava/util/function/Consumer;)V" line-rate="0.0" branch-rate="0.0">
							<lines>
								<line number="141" hits="0" branch="true" condition-coverage="0% (0/2)">
									<conditions>
										<condition number="0" type="jump" coverage="0%"/>
									</conditions>
								</line>
								<line number="142" hits="0" branch="false"/>
								<line number="143" hits="0" branch="false"/>
							</lines>
						</method>
						<method name="isPresent" signature="()Z" line-rate="0.0" branch-rate="0.0">
							<lines>
								<line number="129" hits="0" branch="true" condition-coverage="0% (0/2)">
									<conditions>
										<condition number="0" type="jump" coverage="0%"/>
									</conditions>
								</line>
							</lines>
						</method>
						<method name="map" signature="(Ljava/util/function/Function;)Lpl/matsuo/core/util/function/Optional;" line-rate="0.0" branch-rate="0.0">
							<lines>
								<line number="196" hits="0" branch="false"/>
								<line number="197" hits="0" branch="true" condition-coverage="0% (0/2)">
									<conditions>
										<condition number="0" type="jump" coverage="0%"/>
									</conditions>
								</line>
								<line number="198" hits="0" branch="false"/>
								<line number="200" hits="0" branch="false"/>
							</lines>
						</method>
						<method name="of" signature="(Ljava/lang/Object;)Lpl/matsuo/core/util/function/Optional;" line-rate="0.0" branch-rate="1.0">
							<lines>
								<line number="91" hits="0" branch="false"/>
							</lines>
						</method>
						<method name="ofNullable" signature="(Ljava/lang/Object;)Lpl/matsuo/core/util/function/Optional;" line-rate="0.0" branch-rate="0.0">
							<lines>
								<line number="104" hits="0" branch="true" condition-coverage="0% (0/2)">
									<conditions>
										<condition number="0" type="jump" coverage="0%"/>
									</conditions>
								</line>
							</lines>
						</method>
						<method name="or" signature="(Ljava/lang/Object;)Lpl/matsuo/core/util/function/Optional;" line-rate="0.0" branch-rate="0.0">
							<lines>
								<line number="289" hits="0" branch="true" condition-coverage="0% (0/2)">
									<conditions>
										<condition number="0" type="jump" coverage="0%"/>
									</conditions>
								</line>
							</lines>
						</method>
						<method name="orElse" signature="(Ljava/lang/Object;)Ljava/lang/Object;" line-rate="0.0" branch-rate="0.0">
							<lines>
								<line number="238" hits="0" branch="true" condition-coverage="0% (0/2)">
									<conditions>
										<condition number="0" type="jump" coverage="0%"/>
									</conditions>
								</line>
							</lines>
						</method>
						<method name="orElseGet" signature="(Ljava/util/function/Supplier;)Ljava/lang/Object;" line-rate="0.0" branch-rate="0.0">
							<lines>
								<line number="252" hits="0" branch="true" condition-coverage="0% (0/2)">
									<conditions>
										<condition number="0" type="jump" coverage="0%"/>
									</conditions>
								</line>
							</lines>
						</method>
						<method name="orElseThrow" signature="(Ljava/util/function/Supplier;)Ljava/lang/Object;" line-rate="0.0" branch-rate="0.0">
							<lines>
								<line number="274" hits="0" branch="true" condition-coverage="0% (0/2)">
									<conditions>
										<condition number="0" type="jump" coverage="0%"/>
									</conditions>
								</line>
								<line number="275" hits="0" branch="false"/>
								<line number="277" hits="0" branch="false"/>
							</lines>
						</method>
						<method name="orGet" signature="(Ljava/util/function/Supplier;)Lpl/matsuo/core/util/function/Optional;" line-rate="0.0" branch-rate="0.0">
							<lines>
								<line number="303" hits="0" branch="true" condition-coverage="0% (0/2)">
									<conditions>
										<condition number="0" type="jump" coverage="0%"/>
									</conditions>
								</line>
							</lines>
						</method>
						<method name="orThrow" signature="(Ljava/util/function/Supplier;)Lpl/matsuo/core/util/function/Optional;" line-rate="0.0" branch-rate="0.0">
							<lines>
								<line number="325" hits="0" branch="true" condition-coverage="0% (0/2)">
									<conditions>
										<condition number="0" type="jump" coverage="0%"/>
									</conditions>
								</line>
								<line number="326" hits="0" branch="false"/>
								<line number="328" hits="0" branch="false"/>
							</lines>
						</method>
						<method name="toString" signature="()Ljava/lang/String;" line-rate="0.0" branch-rate="0.0">
							<lines>
								<line number="385" hits="0" branch="true" condition-coverage="0% (0/2)">
									<conditions>
										<condition number="0" type="jump" coverage="0%"/>
									</conditions>
								</line>
								<line number="386" hits="0" branch="false"/>
							</lines>
						</method>
					</methods>
					<lines>
						<line number="33" hits="0" branch="false"/>
						<line number="68" hits="0" branch="false"/>
						<line number="69" hits="0" branch="false"/>
						<line number="78" hits="0" branch="false"/>
						<line number="79" hits="0" branch="false"/>
						<line number="80" hits="0" branch="false"/>
						<line number="91" hits="0" branch="false"/>
						<line number="104" hits="0" branch="true" condition-coverage="0% (0/2)">
							<conditions>
								<condition number="0" type="jump" coverage="0%"/>
							</conditions>
						</line>
						<line number="117" hits="0" branch="true" condition-coverage="0% (0/2)">
							<conditions>
								<condition number="0" type="jump" coverage="0%"/>
							</conditions>
						</line>
						<line number="118" hits="0" branch="false"/>
						<line number="120" hits="0" branch="false"/>
						<line number="129" hits="0" branch="true" condition-coverage="0% (0/2)">
							<conditions>
								<condition number="0" type="jump" coverage="0%"/>
							</conditions>
						</line>
						<line number="141" hits="0" branch="true" condition-coverage="0% (0/2)">
							<conditions>
								<condition number="0" type="jump" coverage="0%"/>
							</conditions>
						</line>
						<line number="142" hits="0" branch="false"/>
						<line number="143" hits="0" branch="false"/>
						<line number="157" hits="0" branch="false"/>
						<line number="158" hits="0" branch="true" condition-coverage="0% (0/2)">
							<conditions>
								<condition number="0" type="jump" coverage="0%"/>
							</conditions>
						</line>
						<line number="159" hits="0" branch="false"/>
						<line number="161" hits="0" branch="true" condition-coverage="0% (0/2)">
							<conditions>
								<condition number="0" type="jump" coverage="0%"/>
							</conditions>
						</line>
						<line number="196" hits="0" branch="false"/>
						<line number="197" hits="0" branch="true" condition-coverage="0% (0/2)">
							<conditions>
								<condition number="0" type="jump" coverage="0%"/>
							</conditions>
						</line>
						<line number="198" hits="0" branch="false"/>
						<line number="200" hits="0" branch="false"/>
						<line number="222" hits="0" branch="false"/>
						<line number="223" hits="0" branch="true" condition-coverage="0% (0/2)">
							<conditions>
								<condition number="0" type="jump" coverage="0%"/>
							</conditions>
						</line>
						<line number="224" hits="0" branch="false"/>
						<line number="226" hits="0" branch="false"/>
						<line number="238" hits="0" branch="true" condition-coverage="0% (0/2)">
							<conditions>
								<condition number="0" type="jump" coverage="0%"/>
							</conditions>
						</line>
						<line number="252" hits="0" branch="true" condition-coverage="0% (0/2)">
							<conditions>
								<condition number="0" type="jump" coverage="0%"/>
							</conditions>
						</line>
						<line number="274" hits="0" branch="true" condition-coverage="0% (0/2)">
							<conditions>
								<condition number="0" type="jump" coverage="0%"/>
							</conditions>
						</line>
						<line number="275" hits="0" branch="false"/>
						<line number="277" hits="0" branch="false"/>
						<line number="289" hits="0" branch="true" condition-coverage="0% (0/2)">
							<conditions>
								<condition number="0" type="jump" coverage="0%"/>
							</conditions>
						</line>
						<line number="303" hits="0" branch="true" condition-coverage="0% (0/2)">
							<conditions>
								<condition number="0" type="jump" coverage="0%"/>
							</conditions>
						</line>
						<line number="325" hits="0" branch="true" condition-coverage="0% (0/2)">
							<conditions>
								<condition number="0" type="jump" coverage="0%"/>
							</conditions>
						</line>
						<line number="326" hits="0" branch="false"/>
						<line number="328" hits="0" branch="false"/>
						<line number="347" hits="0" branch="true" condition-coverage="0% (0/2)">
							<conditions>
								<condition number="0" type="jump" coverage="0%"/>
							</conditions>
						</line>
						<line number="348" hits="0" branch="false"/>
						<line number="351" hits="0" branch="true" condition-coverage="0% (0/2)">
							<conditions>
								<condition number="0" type="jump" coverage="0%"/>
							</conditions>
						</line>
						<line number="352" hits="0" branch="false"/>
						<line number="355" hits="0" branch="false"/>
						<line number="356" hits="0" branch="false"/>
						<line number="367" hits="0" branch="false"/>
						<line number="385" hits="0" branch="true" condition-coverage="0% (0/2)">
							<conditions>
								<condition number="0" type="jump" coverage="0%"/>
							</conditions>
						</line>
						<line number="386" hits="0" branch="false"/>
					</lines>
				</class>
				<class name="pl.matsuo.core.util.function.Success" filename="pl/matsuo/core/util/function/Success.java" line-rate="1.0" branch-rate="1.0" complexity="1.0">
					<methods>
						<method name="ifFailure" signature="(Ljava/util/function/Supplier;)Lpl/matsuo/core/util/function/Try;" line-rate="1.0" branch-rate="1.0">
							<lines>
								<line number="27" hits="9" branch="false"/>
							</lines>
						</method>
					</methods>
					<lines>
						<line number="27" hits="9" branch="false"/>
					</lines>
				</class>
				<class name="pl.matsuo.core.util.function.ThrowingExceptionsBiFunction" filename="pl/matsuo/core/util/function/ThrowingExceptionsBiFunction.java" line-rate="1.0" branch-rate="1.0" complexity="1.0">
					<methods>
					</methods>
					<lines>
					</lines>
				</class>
				<class name="pl.matsuo.core.util.function.ThrowingExceptionsConsumer" filename="pl/matsuo/core/util/function/ThrowingExceptionsConsumer.java" line-rate="1.0" branch-rate="1.0" complexity="1.0">
					<methods>
					</methods>
					<lines>
					</lines>
				</class>
				<class name="pl.matsuo.core.util.function.ThrowingExceptionsFunction" filename="pl/matsuo/core/util/function/ThrowingExceptionsFunction.java" line-rate="1.0" branch-rate="1.0" complexity="1.0">
					<methods>
					</methods>
					<lines>
					</lines>
				</class>
				<class name="pl.matsuo.core.util.function.ThrowingExceptionsRunnable" filename="pl/matsuo/core/util/function/ThrowingExceptionsRunnable.java" line-rate="1.0" branch-rate="1.0" complexity="1.0">
					<methods>
					</methods>
					<lines>
					</lines>
				</class>
				<class name="pl.matsuo.core.util.function.ThrowingExceptionsSupplier" filename="pl/matsuo/core/util/function/ThrowingExceptionsSupplier.java" line-rate="1.0" branch-rate="1.0" complexity="1.0">
					<methods>
					</methods>
					<lines>
					</lines>
				</class>
				<class name="pl.matsuo.core.util.function.Try" filename="pl/matsuo/core/util/function/Try.java" line-rate="1.0" branch-rate="1.0" complexity="0.0">
					<methods>
					</methods>
					<lines>
					</lines>
				</class>
				<class name="pl.matsuo.core.util.function.Tuple" filename="pl/matsuo/core/util/function/Tuple.java" line-rate="0.0" branch-rate="1.0" complexity="1.0">
					<methods>
						<method name="tuple" signature="(Ljava/lang/Object;Ljava/lang/Object;)Lpl/matsuo/core/util/function/Tuple;" line-rate="0.0" branch-rate="1.0">
							<lines>
								<line number="21" hits="0" branch="false"/>
							</lines>
						</method>
					</methods>
					<lines>
						<line number="21" hits="0" branch="false"/>
					</lines>
				</class>
			</classes>
		</package>
	</packages>
</coverage>
