<?xml version="1.0"?>
<!DOCTYPE coverage SYSTEM "http://cobertura.sourceforge.net/xml/coverage-04.dtd">

<coverage line-rate="0.6494992846924177" branch-rate="0.6216216216216216" lines-covered="454" lines-valid="699" branches-covered="138" branches-valid="222" complexity="1.7388059701492538" version="2.0.3" timestamp="1420583362604">
	<sources>
		<source>--source</source>
		<source>/home/marek/w/idea/matsuo-core/matsuo-web/src/main/java</source>
	</sources>
	<packages>
		<package name="pl.matsuo.core.web.annotation" line-rate="1.0" branch-rate="1.0" complexity="0.0">
			<classes>
				<class name="pl.matsuo.core.web.annotation.WebConfiguration" filename="pl/matsuo/core/web/annotation/WebConfiguration.java" line-rate="1.0" branch-rate="1.0" complexity="0.0">
					<methods>
					</methods>
					<lines>
					</lines>
				</class>
			</classes>
		</package>
		<package name="pl.matsuo.core.web.controller" line-rate="0.4918032786885246" branch-rate="0.6363636363636364" complexity="1.7894736842105263">
			<classes>
				<class name="pl.matsuo.core.web.controller.AbstractController" filename="pl/matsuo/core/web/controller/AbstractController.java" line-rate="0.625" branch-rate="0.875" complexity="1.7058823529411764">
					<methods>
						<method name="&lt;init&gt;" signature="()V" line-rate="1.0" branch-rate="1.0">
							<lines>
								<line number="39" hits="57" branch="false"/>
								<line number="48" hits="57" branch="false"/>
								<line number="49" hits="57" branch="false"/>
								<line number="149" hits="57" branch="false"/>
								<line number="203" hits="57" branch="false"/>
							</lines>
						</method>
						<method name="childLocation" signature="(Ljava/lang/StringBuffer;Ljava/lang/Object;)Ljava/net/URI;" line-rate="1.0" branch-rate="1.0">
							<lines>
								<line number="191" hits="3" branch="false"/>
								<line number="192" hits="3" branch="false"/>
							</lines>
						</method>
						<method name="create" signature="(Lpl/matsuo/core/model/AbstractEntity;Ljava/lang/StringBuffer;)Lorg/springframework/http/HttpEntity;" line-rate="0.0" branch-rate="1.0">
							<lines>
								<line number="161" hits="0" branch="false"/>
								<line number="162" hits="0" branch="false"/>
								<line number="163" hits="0" branch="false"/>
								<line number="164" hits="0" branch="false"/>
							</lines>
						</method>
						<method name="delete" signature="(Ljava/lang/Integer;)V" line-rate="0.0" branch-rate="1.0">
							<lines>
								<line number="178" hits="0" branch="false"/>
								<line number="179" hits="0" branch="false"/>
							</lines>
						</method>
						<method name="entityInitializers" signature="()Ljava/util/List;" line-rate="1.0" branch-rate="1.0">
							<lines>
								<line number="153" hits="3" branch="false"/>
							</lines>
						</method>
						<method name="entityQuery" signature="([Lpl/matsuo/core/model/query/condition/Condition;)Lpl/matsuo/core/model/query/AbstractQuery;" line-rate="1.0" branch-rate="1.0">
							<lines>
								<line number="123" hits="21" branch="false"/>
							</lines>
						</method>
						<method name="find" signature="(Ljava/lang/Integer;)Lorg/springframework/http/HttpEntity;" line-rate="0.3333333333333333" branch-rate="1.0">
							<lines>
								<line number="142" hits="6" branch="false"/>
								<line number="143" hits="0" branch="false"/>
								<line number="144" hits="0" branch="false"/>
							</lines>
						</method>
						<method name="httpEntity" signature="(Lpl/matsuo/core/model/AbstractEntity;Ljava/lang/StringBuffer;)Lorg/springframework/http/HttpEntity;" line-rate="0.0" branch-rate="1.0">
							<lines>
								<line number="197" hits="0" branch="false"/>
								<line number="198" hits="0" branch="false"/>
								<line number="199" hits="0" branch="false"/>
							</lines>
						</method>
						<method name="list" signature="(Lpl/matsuo/core/IQueryRequestParams;)Ljava/util/List;" line-rate="1.0" branch-rate="1.0">
							<lines>
								<line number="96" hits="9" branch="false"/>
								<line number="98" hits="9" branch="true" condition-coverage="100% (4/4)">
									<conditions>
										<condition number="0" type="jump" coverage="100%"/>
										<condition number="1" type="jump" coverage="100%"/>
									</conditions>
								</line>
								<line number="99" hits="3" branch="false"/>
								<line number="101" hits="9" branch="true" condition-coverage="100% (4/4)">
									<conditions>
										<condition number="0" type="jump" coverage="100%"/>
										<condition number="1" type="jump" coverage="100%"/>
									</conditions>
								</line>
								<line number="102" hits="3" branch="false"/>
								<line number="105" hits="9" branch="false"/>
								<line number="107" hits="9" branch="false"/>
							</lines>
						</method>
						<method name="list" signature="([Lpl/matsuo/core/model/query/condition/Condition;)Ljava/util/List;" line-rate="1.0" branch-rate="1.0">
							<lines>
								<line number="115" hits="3" branch="false"/>
							</lines>
						</method>
						<method name="listByIds" signature="(Ljava/util/List;)Ljava/util/List;" line-rate="1.0" branch-rate="1.0">
							<lines>
								<line number="132" hits="3" branch="false"/>
							</lines>
						</method>
						<method name="listQuery" signature="(Lpl/matsuo/core/IQueryRequestParams;[Lpl/matsuo/core/model/query/condition/Condition;)Lpl/matsuo/core/model/query/AbstractQuery;" line-rate="0.9166666666666666" branch-rate="0.75">
							<lines>
								<line number="67" hits="12" branch="false"/>
								<line number="69" hits="12" branch="true" condition-coverage="50% (1/2)">
									<conditions>
										<condition number="0" type="jump" coverage="50%"/>
									</conditions>
								</line>
								<line number="70" hits="12" branch="true" condition-coverage="50% (1/2)">
									<conditions>
										<condition number="0" type="jump" coverage="50%"/>
									</conditions>
								</line>
								<line number="71" hits="0" branch="false"/>
								<line number="74" hits="12" branch="false"/>
								<line number="76" hits="33" branch="true" condition-coverage="100% (2/2)">
									<conditions>
										<condition number="0" type="jump" coverage="100%"/>
									</conditions>
								</line>
								<line number="77" hits="21" branch="false"/>
								<line number="79" hits="21" branch="true" condition-coverage="100% (2/2)">
									<conditions>
										<condition number="0" type="jump" coverage="100%"/>
									</conditions>
								</line>
								<line number="80" hits="51" branch="false"/>
								<line number="81" hits="51" branch="false"/>
								<line number="83" hits="21" branch="false"/>
								<line number="87" hits="12" branch="false"/>
							</lines>
						</method>
						<method name="queryMatchers" signature="()Ljava/util/List;" line-rate="0.0" branch-rate="1.0">
							<lines>
								<line number="57" hits="0" branch="false"/>
							</lines>
						</method>
						<method name="update" signature="(Ljava/lang/Integer;Lpl/matsuo/core/model/AbstractEntity;)V" line-rate="0.0" branch-rate="1.0">
							<lines>
								<line number="185" hits="0" branch="false"/>
								<line number="186" hits="0" branch="false"/>
								<line number="187" hits="0" branch="false"/>
							</lines>
						</method>
						<method name="update" signature="(Lpl/matsuo/core/model/AbstractEntity;)V" line-rate="0.0" branch-rate="1.0">
							<lines>
								<line number="171" hits="0" branch="false"/>
								<line number="172" hits="0" branch="false"/>
							</lines>
						</method>
					</methods>
					<lines>
						<line number="39" hits="57" branch="false"/>
						<line number="48" hits="57" branch="false"/>
						<line number="49" hits="57" branch="false"/>
						<line number="57" hits="0" branch="false"/>
						<line number="67" hits="12" branch="false"/>
						<line number="69" hits="12" branch="true" condition-coverage="50% (1/2)">
							<conditions>
								<condition number="0" type="jump" coverage="50%"/>
							</conditions>
						</line>
						<line number="70" hits="12" branch="true" condition-coverage="50% (1/2)">
							<conditions>
								<condition number="0" type="jump" coverage="50%"/>
							</conditions>
						</line>
						<line number="71" hits="0" branch="false"/>
						<line number="74" hits="12" branch="false"/>
						<line number="76" hits="33" branch="true" condition-coverage="100% (2/2)">
							<conditions>
								<condition number="0" type="jump" coverage="100%"/>
							</conditions>
						</line>
						<line number="77" hits="21" branch="false"/>
						<line number="79" hits="21" branch="true" condition-coverage="100% (2/2)">
							<conditions>
								<condition number="0" type="jump" coverage="100%"/>
							</conditions>
						</line>
						<line number="80" hits="51" branch="false"/>
						<line number="81" hits="51" branch="false"/>
						<line number="83" hits="21" branch="false"/>
						<line number="87" hits="12" branch="false"/>
						<line number="96" hits="9" branch="false"/>
						<line number="98" hits="9" branch="true" condition-coverage="100% (4/4)">
							<conditions>
								<condition number="0" type="jump" coverage="100%"/>
								<condition number="1" type="jump" coverage="100%"/>
							</conditions>
						</line>
						<line number="99" hits="3" branch="false"/>
						<line number="101" hits="9" branch="true" condition-coverage="100% (4/4)">
							<conditions>
								<condition number="0" type="jump" coverage="100%"/>
								<condition number="1" type="jump" coverage="100%"/>
							</conditions>
						</line>
						<line number="102" hits="3" branch="false"/>
						<line number="105" hits="9" branch="false"/>
						<line number="107" hits="9" branch="false"/>
						<line number="115" hits="3" branch="false"/>
						<line number="123" hits="21" branch="false"/>
						<line number="132" hits="3" branch="false"/>
						<line number="142" hits="6" branch="false"/>
						<line number="143" hits="0" branch="false"/>
						<line number="144" hits="0" branch="false"/>
						<line number="149" hits="57" branch="false"/>
						<line number="153" hits="3" branch="false"/>
						<line number="161" hits="0" branch="false"/>
						<line number="162" hits="0" branch="false"/>
						<line number="163" hits="0" branch="false"/>
						<line number="164" hits="0" branch="false"/>
						<line number="171" hits="0" branch="false"/>
						<line number="172" hits="0" branch="false"/>
						<line number="178" hits="0" branch="false"/>
						<line number="179" hits="0" branch="false"/>
						<line number="185" hits="0" branch="false"/>
						<line number="186" hits="0" branch="false"/>
						<line number="187" hits="0" branch="false"/>
						<line number="191" hits="3" branch="false"/>
						<line number="192" hits="3" branch="false"/>
						<line number="197" hits="0" branch="false"/>
						<line number="198" hits="0" branch="false"/>
						<line number="199" hits="0" branch="false"/>
						<line number="203" hits="57" branch="false"/>
					</lines>
				</class>
				<class name="pl.matsuo.core.web.controller.AbstractController$EntityNotFoundException" filename="pl/matsuo/core/web/controller/AbstractController.java" line-rate="0.0" branch-rate="1.0" complexity="1.7058823529411764">
					<methods>
						<method name="&lt;init&gt;" signature="(Ljava/lang/Integer;)V" line-rate="0.0" branch-rate="1.0">
							<lines>
								<line number="209" hits="0" branch="false"/>
								<line number="210" hits="0" branch="false"/>
							</lines>
						</method>
					</methods>
					<lines>
						<line number="209" hits="0" branch="false"/>
						<line number="210" hits="0" branch="false"/>
					</lines>
				</class>
				<class name="pl.matsuo.core.web.controller.AbstractSimpleController" filename="pl/matsuo/core/web/controller/AbstractSimpleController.java" line-rate="1.0" branch-rate="1.0" complexity="0.0">
					<methods>
					</methods>
					<lines>
					</lines>
				</class>
				<class name="pl.matsuo.core.web.controller.GenericListsController" filename="pl/matsuo/core/web/controller/GenericListsController.java" line-rate="0.0" branch-rate="0.0" complexity="2.5">
					<methods>
						<method name="&lt;init&gt;" signature="()V" line-rate="0.0" branch-rate="1.0">
							<lines>
								<line number="17" hits="0" branch="false"/>
								<line number="20" hits="0" branch="false"/>
							</lines>
						</method>
						<method name="list" signature="(Ljava/lang/String;)Ljava/util/List;" line-rate="0.0" branch-rate="0.0">
							<lines>
								<line number="32" hits="0" branch="false"/>
								<line number="34" hits="0" branch="false"/>
								<line number="35" hits="0" branch="true" condition-coverage="0% (0/2)">
									<conditions>
										<condition number="0" type="jump" coverage="0%"/>
									</conditions>
								</line>
								<line number="36" hits="0" branch="true" condition-coverage="0% (0/2)">
									<conditions>
										<condition number="0" type="jump" coverage="0%"/>
									</conditions>
								</line>
								<line number="37" hits="0" branch="false"/>
								<line number="41" hits="0" branch="false"/>
							</lines>
						</method>
						<method name="registerEnum" signature="([Ljava/lang/Class;)V" line-rate="0.0" branch-rate="0.0">
							<lines>
								<line number="24" hits="0" branch="true" condition-coverage="0% (0/2)">
									<conditions>
										<condition number="0" type="jump" coverage="0%"/>
									</conditions>
								</line>
								<line number="25" hits="0" branch="false"/>
								<line number="27" hits="0" branch="false"/>
							</lines>
						</method>
					</methods>
					<lines>
						<line number="17" hits="0" branch="false"/>
						<line number="20" hits="0" branch="false"/>
						<line number="24" hits="0" branch="true" condition-coverage="0% (0/2)">
							<conditions>
								<condition number="0" type="jump" coverage="0%"/>
							</conditions>
						</line>
						<line number="25" hits="0" branch="false"/>
						<line number="27" hits="0" branch="false"/>
						<line number="32" hits="0" branch="false"/>
						<line number="34" hits="0" branch="false"/>
						<line number="35" hits="0" branch="true" condition-coverage="0% (0/2)">
							<conditions>
								<condition number="0" type="jump" coverage="0%"/>
							</conditions>
						</line>
						<line number="36" hits="0" branch="true" condition-coverage="0% (0/2)">
							<conditions>
								<condition number="0" type="jump" coverage="0%"/>
							</conditions>
						</line>
						<line number="37" hits="0" branch="false"/>
						<line number="41" hits="0" branch="false"/>
					</lines>
				</class>
			</classes>
		</package>
		<package name="pl.matsuo.core.web.controller.exception" line-rate="0.47619047619047616" branch-rate="0.375" complexity="3.0">
			<classes>
				<class name="pl.matsuo.core.web.controller.exception.RestProcessingExceptionHandler" filename="pl/matsuo/core/web/controller/exception/RestProcessingExceptionHandler.java" line-rate="0.8333333333333334" branch-rate="0.75" complexity="3.0">
					<methods>
						<method name="handleException" signature="(Lpl/matsuo/core/exception/RestProcessingException;Lorg/springframework/web/context/request/WebRequest;)Lorg/springframework/http/ResponseEntity;" line-rate="0.8333333333333334" branch-rate="0.75">
							<lines>
								<line number="27" hits="3" branch="false"/>
								<line number="28" hits="3" branch="false"/>
								<line number="29" hits="3" branch="false"/>
								<line number="30" hits="3" branch="false"/>
								<line number="31" hits="3" branch="false"/>
								<line number="33" hits="3" branch="true" condition-coverage="50% (1/2)">
									<conditions>
										<condition number="0" type="jump" coverage="50%"/>
									</conditions>
								</line>
								<line number="34" hits="0" branch="false"/>
								<line number="35" hits="0" branch="false"/>
								<line number="37" hits="3" branch="true" condition-coverage="100% (2/2)">
									<conditions>
										<condition number="0" type="jump" coverage="100%"/>
									</conditions>
								</line>
								<line number="38" hits="3" branch="false"/>
								<line number="39" hits="3" branch="false"/>
								<line number="41" hits="3" branch="false"/>
							</lines>
						</method>
					</methods>
					<lines>
						<line number="27" hits="3" branch="false"/>
						<line number="28" hits="3" branch="false"/>
						<line number="29" hits="3" branch="false"/>
						<line number="30" hits="3" branch="false"/>
						<line number="31" hits="3" branch="false"/>
						<line number="33" hits="3" branch="true" condition-coverage="50% (1/2)">
							<conditions>
								<condition number="0" type="jump" coverage="50%"/>
							</conditions>
						</line>
						<line number="34" hits="0" branch="false"/>
						<line number="35" hits="0" branch="false"/>
						<line number="37" hits="3" branch="true" condition-coverage="100% (2/2)">
							<conditions>
								<condition number="0" type="jump" coverage="100%"/>
							</conditions>
						</line>
						<line number="38" hits="3" branch="false"/>
						<line number="39" hits="3" branch="false"/>
						<line number="41" hits="3" branch="false"/>
					</lines>
				</class>
				<class name="pl.matsuo.core.web.controller.exception.ValidationExceptionHandler" filename="pl/matsuo/core/web/controller/exception/ValidationExceptionHandler.java" line-rate="0.0" branch-rate="0.0" complexity="3.0">
					<methods>
						<method name="handleValidationException" signature="(Lorg/springframework/web/bind/MethodArgumentNotValidException;)Lorg/springframework/http/ResponseEntity;" line-rate="0.0" branch-rate="0.0">
							<lines>
								<line number="21" hits="0" branch="false"/>
								<line number="22" hits="0" branch="false"/>
								<line number="24" hits="0" branch="true" condition-coverage="0% (0/2)">
									<conditions>
										<condition number="0" type="jump" coverage="0%"/>
									</conditions>
								</line>
								<line number="25" hits="0" branch="false"/>
								<line number="26" hits="0" branch="false"/>
								<line number="28" hits="0" branch="true" condition-coverage="0% (0/2)">
									<conditions>
										<condition number="0" type="jump" coverage="0%"/>
									</conditions>
								</line>
								<line number="29" hits="0" branch="false"/>
								<line number="30" hits="0" branch="false"/>
								<line number="32" hits="0" branch="false"/>
							</lines>
						</method>
					</methods>
					<lines>
						<line number="21" hits="0" branch="false"/>
						<line number="22" hits="0" branch="false"/>
						<line number="24" hits="0" branch="true" condition-coverage="0% (0/2)">
							<conditions>
								<condition number="0" type="jump" coverage="0%"/>
							</conditions>
						</line>
						<line number="25" hits="0" branch="false"/>
						<line number="26" hits="0" branch="false"/>
						<line number="28" hits="0" branch="true" condition-coverage="0% (0/2)">
							<conditions>
								<condition number="0" type="jump" coverage="0%"/>
							</conditions>
						</line>
						<line number="29" hits="0" branch="false"/>
						<line number="30" hits="0" branch="false"/>
						<line number="32" hits="0" branch="false"/>
					</lines>
				</class>
			</classes>
		</package>
		<package name="pl.matsuo.core.web.controller.log" line-rate="0.0" branch-rate="1.0" complexity="1.0">
			<classes>
				<class name="pl.matsuo.core.web.controller.log.AccessLogController" filename="pl/matsuo/core/web/controller/log/AccessLogController.java" line-rate="0.0" branch-rate="1.0" complexity="1.0">
					<methods>
						<method name="queryMatchers" signature="()Ljava/util/List;" line-rate="0.0" branch-rate="1.0">
							<lines>
								<line number="23" hits="0" branch="false"/>
							</lines>
						</method>
					</methods>
					<lines>
						<line number="23" hits="0" branch="false"/>
					</lines>
				</class>
			</classes>
		</package>
		<package name="pl.matsuo.core.web.controller.login" line-rate="0.5263157894736842" branch-rate="0.25" complexity="1.3333333333333333">
			<classes>
				<class name="pl.matsuo.core.web.controller.login.LoginController" filename="pl/matsuo/core/web/controller/login/LoginController.java" line-rate="0.5263157894736842" branch-rate="0.25" complexity="1.3333333333333333">
					<methods>
						<method name="&lt;clinit&gt;" signature="()V" line-rate="1.0" branch-rate="1.0">
							<lines>
								<line number="32" hits="3" branch="false"/>
							</lines>
						</method>
						<method name="activateAccount" signature="(Ljava/lang/String;)V" line-rate="1.0" branch-rate="1.0">
							<lines>
								<line number="63" hits="12" branch="false"/>
								<line number="64" hits="6" branch="false"/>
							</lines>
						</method>
						<method name="createAccount" signature="(Lpl/matsuo/core/service/login/CreateAccountData;)Ljava/lang/String;" line-rate="1.0" branch-rate="1.0">
							<lines>
								<line number="69" hits="12" branch="false"/>
							</lines>
						</method>
						<method name="loggedUser" signature="()Lpl/matsuo/core/model/user/User;" line-rate="1.0" branch-rate="1.0">
							<lines>
								<line number="89" hits="3" branch="false"/>
							</lines>
						</method>
						<method name="loggedUsername" signature="()Ljava/lang/String;" line-rate="0.6666666666666666" branch-rate="0.5">
							<lines>
								<line number="47" hits="3" branch="true" condition-coverage="50% (1/2)">
									<conditions>
										<condition number="0" type="jump" coverage="50%"/>
									</conditions>
								</line>
								<line number="48" hits="0" branch="false"/>
								<line number="50" hits="3" branch="false"/>
							</lines>
						</method>
						<method name="login" signature="(Lpl/matsuo/core/service/login/LoginData;)Ljava/lang/String;" line-rate="1.0" branch-rate="1.0">
							<lines>
								<line number="57" hits="18" branch="false"/>
							</lines>
						</method>
						<method name="loginTime" signature="()Ljava/lang/Long;" line-rate="0.0" branch-rate="1.0">
							<lines>
								<line number="108" hits="0" branch="false"/>
							</lines>
						</method>
						<method name="logoff" signature="()V" line-rate="1.0" branch-rate="1.0">
							<lines>
								<line number="76" hits="3" branch="false"/>
								<line number="77" hits="3" branch="false"/>
							</lines>
						</method>
						<method name="permissions" signature="(Ljava/util/List;)Ljava/util/List;" line-rate="0.0" branch-rate="0.0">
							<lines>
								<line number="95" hits="0" branch="false"/>
								<line number="97" hits="0" branch="true" condition-coverage="0% (0/2)">
									<conditions>
										<condition number="0" type="jump" coverage="0%"/>
									</conditions>
								</line>
								<line number="98" hits="0" branch="false"/>
								<line number="99" hits="0" branch="false"/>
								<line number="102" hits="0" branch="false"/>
							</lines>
						</method>
						<method name="remindPassword" signature="(Ljava/lang/String;)V" line-rate="0.0" branch-rate="1.0">
							<lines>
								<line number="83" hits="0" branch="false"/>
								<line number="84" hits="0" branch="false"/>
							</lines>
						</method>
					</methods>
					<lines>
						<line number="32" hits="3" branch="false"/>
						<line number="47" hits="3" branch="true" condition-coverage="50% (1/2)">
							<conditions>
								<condition number="0" type="jump" coverage="50%"/>
							</conditions>
						</line>
						<line number="48" hits="0" branch="false"/>
						<line number="50" hits="3" branch="false"/>
						<line number="57" hits="18" branch="false"/>
						<line number="63" hits="12" branch="false"/>
						<line number="64" hits="6" branch="false"/>
						<line number="69" hits="12" branch="false"/>
						<line number="76" hits="3" branch="false"/>
						<line number="77" hits="3" branch="false"/>
						<line number="83" hits="0" branch="false"/>
						<line number="84" hits="0" branch="false"/>
						<line number="89" hits="3" branch="false"/>
						<line number="95" hits="0" branch="false"/>
						<line number="97" hits="0" branch="true" condition-coverage="0% (0/2)">
							<conditions>
								<condition number="0" type="jump" coverage="0%"/>
							</conditions>
						</line>
						<line number="98" hits="0" branch="false"/>
						<line number="99" hits="0" branch="false"/>
						<line number="102" hits="0" branch="false"/>
						<line number="108" hits="0" branch="false"/>
					</lines>
				</class>
			</classes>
		</package>
		<package name="pl.matsuo.core.web.controller.message" line-rate="0.0" branch-rate="0.0" complexity="1.2666666666666666">
			<classes>
				<class name="pl.matsuo.core.web.controller.message.AbstractMessageController" filename="pl/matsuo/core/web/controller/message/AbstractMessageController.java" line-rate="0.0" branch-rate="0.0" complexity="2.3333333333333335">
					<methods>
						<method name="create" signature="(Lpl/matsuo/core/web/controller/message/MultiMessage;Ljava/lang/StringBuffer;)V" line-rate="0.0" branch-rate="0.0">
							<lines>
								<line number="39" hits="0" branch="true" condition-coverage="0% (0/2)">
									<conditions>
										<condition number="0" type="jump" coverage="0%"/>
									</conditions>
								</line>
								<line number="40" hits="0" branch="false"/>
								<line number="42" hits="0" branch="true" condition-coverage="0% (0/2)">
									<conditions>
										<condition number="0" type="jump" coverage="0%"/>
									</conditions>
								</line>
								<line number="43" hits="0" branch="false"/>
								<line number="44" hits="0" branch="false"/>
								<line number="45" hits="0" branch="true" condition-coverage="0% (0/2)">
									<conditions>
										<condition number="0" type="jump" coverage="0%"/>
									</conditions>
								</line>
								<line number="47" hits="0" branch="false"/>
								<line number="49" hits="0" branch="false"/>
								<line number="50" hits="0" branch="false"/>
							</lines>
						</method>
						<method name="listQuery" signature="(Lpl/matsuo/core/IQueryRequestParams;[Lpl/matsuo/core/model/query/condition/Condition;)Lpl/matsuo/core/model/query/AbstractQuery;" line-rate="0.0" branch-rate="1.0">
							<lines>
								<line number="28" hits="0" branch="false"/>
							</lines>
						</method>
						<method name="listQuery" signature="(Lpl/matsuo/core/web/controller/message/IMessageRequestParams;[Lpl/matsuo/core/model/query/condition/Condition;)Lpl/matsuo/core/model/query/AbstractQuery;" line-rate="0.0" branch-rate="1.0">
							<lines>
								<line number="58" hits="0" branch="false"/>
							</lines>
						</method>
					</methods>
					<lines>
						<line number="28" hits="0" branch="false"/>
						<line number="39" hits="0" branch="true" condition-coverage="0% (0/2)">
							<conditions>
								<condition number="0" type="jump" coverage="0%"/>
							</conditions>
						</line>
						<line number="40" hits="0" branch="false"/>
						<line number="42" hits="0" branch="true" condition-coverage="0% (0/2)">
							<conditions>
								<condition number="0" type="jump" coverage="0%"/>
							</conditions>
						</line>
						<line number="43" hits="0" branch="false"/>
						<line number="44" hits="0" branch="false"/>
						<line number="45" hits="0" branch="true" condition-coverage="0% (0/2)">
							<conditions>
								<condition number="0" type="jump" coverage="0%"/>
							</conditions>
						</line>
						<line number="47" hits="0" branch="false"/>
						<line number="49" hits="0" branch="false"/>
						<line number="50" hits="0" branch="false"/>
						<line number="58" hits="0" branch="false"/>
					</lines>
				</class>
				<class name="pl.matsuo.core.web.controller.message.IMessageRequestParams" filename="pl/matsuo/core/web/controller/message/IMessageRequestParams.java" line-rate="1.0" branch-rate="1.0" complexity="1.0">
					<methods>
					</methods>
					<lines>
					</lines>
				</class>
				<class name="pl.matsuo.core.web.controller.message.MailMessageController" filename="pl/matsuo/core/web/controller/message/MailMessageController.java" line-rate="0.0" branch-rate="1.0" complexity="1.0">
					<methods>
						<method name="copyMessage" signature="(Lpl/matsuo/core/model/message/AbstractMessage;)Lpl/matsuo/core/model/message/AbstractMessage;" line-rate="0.0" branch-rate="1.0">
							<lines>
								<line number="11" hits="0" branch="false"/>
							</lines>
						</method>
						<method name="copyMessage" signature="(Lpl/matsuo/core/model/message/MailMessage;)Lpl/matsuo/core/model/message/MailMessage;" line-rate="0.0" branch-rate="1.0">
							<lines>
								<line number="18" hits="0" branch="false"/>
							</lines>
						</method>
					</methods>
					<lines>
						<line number="11" hits="0" branch="false"/>
						<line number="18" hits="0" branch="false"/>
					</lines>
				</class>
				<class name="pl.matsuo.core.web.controller.message.MultiMessage" filename="pl/matsuo/core/web/controller/message/MultiMessage.java" line-rate="1.0" branch-rate="1.0" complexity="1.0">
					<methods>
					</methods>
					<lines>
					</lines>
				</class>
				<class name="pl.matsuo.core.web.controller.message.NoteMessageController" filename="pl/matsuo/core/web/controller/message/NoteMessageController.java" line-rate="0.0" branch-rate="1.0" complexity="1.0">
					<methods>
						<method name="cancel" signature="(Ljava/lang/Integer;)Lorg/springframework/http/HttpEntity;" line-rate="0.0" branch-rate="1.0">
							<lines>
								<line number="48" hits="0" branch="false"/>
							</lines>
						</method>
						<method name="changeAppointmentStatus" signature="(Ljava/lang/Integer;Lpl/matsuo/core/model/message/NoteStatus;)Lorg/springframework/http/HttpEntity;" line-rate="0.0" branch-rate="1.0">
							<lines>
								<line number="31" hits="0" branch="false"/>
								<line number="32" hits="0" branch="false"/>
								<line number="33" hits="0" branch="false"/>
								<line number="34" hits="0" branch="false"/>
							</lines>
						</method>
						<method name="close" signature="(Ljava/lang/Integer;)Lorg/springframework/http/HttpEntity;" line-rate="0.0" branch-rate="1.0">
							<lines>
								<line number="41" hits="0" branch="false"/>
							</lines>
						</method>
						<method name="copyMessage" signature="(Lpl/matsuo/core/model/message/AbstractMessage;)Lpl/matsuo/core/model/message/AbstractMessage;" line-rate="0.0" branch-rate="1.0">
							<lines>
								<line number="19" hits="0" branch="false"/>
							</lines>
						</method>
						<method name="copyMessage" signature="(Lpl/matsuo/core/model/message/NoteMessage;)Lpl/matsuo/core/model/message/NoteMessage;" line-rate="0.0" branch-rate="1.0">
							<lines>
								<line number="26" hits="0" branch="false"/>
							</lines>
						</method>
						<method name="open" signature="(Ljava/lang/Integer;)Lorg/springframework/http/HttpEntity;" line-rate="0.0" branch-rate="1.0">
							<lines>
								<line number="55" hits="0" branch="false"/>
							</lines>
						</method>
					</methods>
					<lines>
						<line number="19" hits="0" branch="false"/>
						<line number="26" hits="0" branch="false"/>
						<line number="31" hits="0" branch="false"/>
						<line number="32" hits="0" branch="false"/>
						<line number="33" hits="0" branch="false"/>
						<line number="34" hits="0" branch="false"/>
						<line number="41" hits="0" branch="false"/>
						<line number="48" hits="0" branch="false"/>
						<line number="55" hits="0" branch="false"/>
					</lines>
				</class>
				<class name="pl.matsuo.core.web.controller.message.SmsMessageController" filename="pl/matsuo/core/web/controller/message/SmsMessageController.java" line-rate="0.0" branch-rate="1.0" complexity="1.0">
					<methods>
						<method name="copyMessage" signature="(Lpl/matsuo/core/model/message/AbstractMessage;)Lpl/matsuo/core/model/message/AbstractMessage;" line-rate="0.0" branch-rate="1.0">
							<lines>
								<line number="11" hits="0" branch="false"/>
							</lines>
						</method>
						<method name="copyMessage" signature="(Lpl/matsuo/core/model/message/SmsMessage;)Lpl/matsuo/core/model/message/SmsMessage;" line-rate="0.0" branch-rate="1.0">
							<lines>
								<line number="18" hits="0" branch="false"/>
							</lines>
						</method>
					</methods>
					<lines>
						<line number="11" hits="0" branch="false"/>
						<line number="18" hits="0" branch="false"/>
					</lines>
				</class>
			</classes>
		</package>
		<package name="pl.matsuo.core.web.controller.numeration" line-rate="0.0" branch-rate="0.0" complexity="1.5">
			<classes>
				<class name="pl.matsuo.core.web.controller.numeration.NumerationController" filename="pl/matsuo/core/web/controller/numeration/NumerationController.java" line-rate="0.0" branch-rate="0.0" complexity="1.5">
					<methods>
						<method name="create" signature="(Lpl/matsuo/core/model/AbstractEntity;Ljava/lang/StringBuffer;)Lorg/springframework/http/HttpEntity;" line-rate="1.0" branch-rate="1.0">
							<lines>
							</lines>
						</method>
						<method name="create" signature="(Lpl/matsuo/core/model/numeration/Numeration;Ljava/lang/StringBuffer;)Lorg/springframework/http/HttpEntity;" line-rate="0.0" branch-rate="0.0">
							<lines>
								<line number="42" hits="0" branch="true" condition-coverage="0% (0/2)">
									<conditions>
										<condition number="0" type="jump" coverage="0%"/>
									</conditions>
								</line>
								<line number="43" hits="0" branch="false"/>
								<line number="45" hits="0" branch="false"/>
							</lines>
						</method>
						<method name="listQuery" signature="(Lpl/matsuo/core/IQueryRequestParams;[Lpl/matsuo/core/model/query/condition/Condition;)Lpl/matsuo/core/model/query/AbstractQuery;" line-rate="0.0" branch-rate="1.0">
							<lines>
								<line number="26" hits="0" branch="false"/>
							</lines>
						</method>
						<method name="listQuery" signature="(Lpl/matsuo/core/web/controller/params/IEntityQueryRequestParams;[Lpl/matsuo/core/model/query/condition/Condition;)Lpl/matsuo/core/model/query/AbstractQuery;" line-rate="0.0" branch-rate="1.0">
							<lines>
								<line number="33" hits="0" branch="false"/>
							</lines>
						</method>
					</methods>
					<lines>
						<line number="26" hits="0" branch="false"/>
						<line number="33" hits="0" branch="false"/>
						<line number="42" hits="0" branch="true" condition-coverage="0% (0/2)">
							<conditions>
								<condition number="0" type="jump" coverage="0%"/>
							</conditions>
						</line>
						<line number="43" hits="0" branch="false"/>
						<line number="45" hits="0" branch="false"/>
					</lines>
				</class>
				<class name="pl.matsuo.core.web.controller.numeration.NumerationSchemaController" filename="pl/matsuo/core/web/controller/numeration/NumerationSchemaController.java" line-rate="0.0" branch-rate="0.0" complexity="1.5">
					<methods>
						<method name="create" signature="(Lpl/matsuo/core/model/AbstractEntity;Ljava/lang/StringBuffer;)Lorg/springframework/http/HttpEntity;" line-rate="1.0" branch-rate="1.0">
							<lines>
							</lines>
						</method>
						<method name="create" signature="(Lpl/matsuo/core/model/numeration/NumerationSchema;Ljava/lang/StringBuffer;)Lorg/springframework/http/HttpEntity;" line-rate="0.0" branch-rate="0.0">
							<lines>
								<line number="42" hits="0" branch="true" condition-coverage="0% (0/2)">
									<conditions>
										<condition number="0" type="jump" coverage="0%"/>
									</conditions>
								</line>
								<line number="43" hits="0" branch="false"/>
								<line number="45" hits="0" branch="false"/>
							</lines>
						</method>
						<method name="listQuery" signature="(Lpl/matsuo/core/IQueryRequestParams;[Lpl/matsuo/core/model/query/condition/Condition;)Lpl/matsuo/core/model/query/AbstractQuery;" line-rate="0.0" branch-rate="1.0">
							<lines>
								<line number="26" hits="0" branch="false"/>
							</lines>
						</method>
						<method name="listQuery" signature="(Lpl/matsuo/core/web/controller/params/IEntityQueryRequestParams;[Lpl/matsuo/core/model/query/condition/Condition;)Lpl/matsuo/core/model/query/AbstractQuery;" line-rate="0.0" branch-rate="1.0">
							<lines>
								<line number="33" hits="0" branch="false"/>
							</lines>
						</method>
					</methods>
					<lines>
						<line number="26" hits="0" branch="false"/>
						<line number="33" hits="0" branch="false"/>
						<line number="42" hits="0" branch="true" condition-coverage="0% (0/2)">
							<conditions>
								<condition number="0" type="jump" coverage="0%"/>
							</conditions>
						</line>
						<line number="43" hits="0" branch="false"/>
						<line number="45" hits="0" branch="false"/>
					</lines>
				</class>
			</classes>
		</package>
		<package name="pl.matsuo.core.web.controller.organization" line-rate="0.03225806451612903" branch-rate="0.0" complexity="1.25">
			<classes>
				<class name="pl.matsuo.core.web.controller.organization.OrganizationUnitController" filename="pl/matsuo/core/web/controller/organization/OrganizationUnitController.java" line-rate="0.0" branch-rate="0.0" complexity="1.4">
					<methods>
						<method name="addEmployee" signature="(Ljava/lang/Integer;Ljava/lang/Integer;)Lpl/matsuo/core/model/organization/Person;" line-rate="0.0" branch-rate="1.0">
							<lines>
								<line number="58" hits="0" branch="false"/>
								<line number="59" hits="0" branch="false"/>
								<line number="61" hits="0" branch="false"/>
								<line number="62" hits="0" branch="false"/>
								<line number="64" hits="0" branch="false"/>
							</lines>
						</method>
						<method name="entityInitializers" signature="()Ljava/util/List;" line-rate="0.0" branch-rate="1.0">
							<lines>
								<line number="41" hits="0" branch="false"/>
							</lines>
						</method>
						<method name="find" signature="(Ljava/lang/Integer;)Lorg/springframework/http/HttpEntity;" line-rate="0.0" branch-rate="1.0">
							<lines>
								<line number="48" hits="0" branch="false"/>
								<line number="49" hits="0" branch="false"/>
								<line number="50" hits="0" branch="false"/>
							</lines>
						</method>
						<method name="queryMatchers" signature="()Ljava/util/List;" line-rate="0.0" branch-rate="1.0">
							<lines>
								<line number="35" hits="0" branch="false"/>
							</lines>
						</method>
						<method name="removeEmployee" signature="(Ljava/lang/Integer;Ljava/lang/Integer;)V" line-rate="0.0" branch-rate="0.0">
							<lines>
								<line number="72" hits="0" branch="false"/>
								<line number="74" hits="0" branch="false"/>
								<line number="75" hits="0" branch="true" condition-coverage="0% (0/2)">
									<conditions>
										<condition number="0" type="jump" coverage="0%"/>
									</conditions>
								</line>
								<line number="76" hits="0" branch="false"/>
								<line number="77" hits="0" branch="true" condition-coverage="0% (0/2)">
									<conditions>
										<condition number="0" type="jump" coverage="0%"/>
									</conditions>
								</line>
								<line number="78" hits="0" branch="false"/>
								<line number="80" hits="0" branch="false"/>
								<line number="82" hits="0" branch="false"/>
								<line number="83" hits="0" branch="false"/>
							</lines>
						</method>
					</methods>
					<lines>
						<line number="35" hits="0" branch="false"/>
						<line number="41" hits="0" branch="false"/>
						<line number="48" hits="0" branch="false"/>
						<line number="49" hits="0" branch="false"/>
						<line number="50" hits="0" branch="false"/>
						<line number="58" hits="0" branch="false"/>
						<line number="59" hits="0" branch="false"/>
						<line number="61" hits="0" branch="false"/>
						<line number="62" hits="0" branch="false"/>
						<line number="64" hits="0" branch="false"/>
						<line number="72" hits="0" branch="false"/>
						<line number="74" hits="0" branch="false"/>
						<line number="75" hits="0" branch="true" condition-coverage="0% (0/2)">
							<conditions>
								<condition number="0" type="jump" coverage="0%"/>
							</conditions>
						</line>
						<line number="76" hits="0" branch="false"/>
						<line number="77" hits="0" branch="true" condition-coverage="0% (0/2)">
							<conditions>
								<condition number="0" type="jump" coverage="0%"/>
							</conditions>
						</line>
						<line number="78" hits="0" branch="false"/>
						<line number="80" hits="0" branch="false"/>
						<line number="82" hits="0" branch="false"/>
						<line number="83" hits="0" branch="false"/>
					</lines>
				</class>
				<class name="pl.matsuo.core.web.controller.organization.PartyController" filename="pl/matsuo/core/web/controller/organization/PartyController.java" line-rate="0.0" branch-rate="0.0" complexity="3.0">
					<methods>
						<method name="list" signature="(Lpl/matsuo/core/IQueryRequestParams;)Ljava/util/List;" line-rate="0.0" branch-rate="0.0">
							<lines>
								<line number="34" hits="0" branch="false"/>
								<line number="36" hits="0" branch="false"/>
								<line number="37" hits="0" branch="true" condition-coverage="0% (0/2)">
									<conditions>
										<condition number="0" type="jump" coverage="0%"/>
									</conditions>
								</line>
								<line number="38" hits="0" branch="false"/>
								<line number="39" hits="0" branch="false"/>
								<line number="41" hits="0" branch="false"/>
								<line number="42" hits="0" branch="true" condition-coverage="0% (0/2)">
									<conditions>
										<condition number="0" type="jump" coverage="0%"/>
									</conditions>
								</line>
								<line number="43" hits="0" branch="false"/>
								<line number="44" hits="0" branch="false"/>
								<line number="46" hits="0" branch="false"/>
							</lines>
						</method>
					</methods>
					<lines>
						<line number="34" hits="0" branch="false"/>
						<line number="36" hits="0" branch="false"/>
						<line number="37" hits="0" branch="true" condition-coverage="0% (0/2)">
							<conditions>
								<condition number="0" type="jump" coverage="0%"/>
							</conditions>
						</line>
						<line number="38" hits="0" branch="false"/>
						<line number="39" hits="0" branch="false"/>
						<line number="41" hits="0" branch="false"/>
						<line number="42" hits="0" branch="true" condition-coverage="0% (0/2)">
							<conditions>
								<condition number="0" type="jump" coverage="0%"/>
							</conditions>
						</line>
						<line number="43" hits="0" branch="false"/>
						<line number="44" hits="0" branch="false"/>
						<line number="46" hits="0" branch="false"/>
					</lines>
				</class>
				<class name="pl.matsuo.core.web.controller.organization.PayerController" filename="pl/matsuo/core/web/controller/organization/PayerController.java" line-rate="1.0" branch-rate="1.0" complexity="1.0">
					<methods>
						<method name="queryMatchers" signature="()Ljava/util/List;" line-rate="1.0" branch-rate="1.0">
							<lines>
								<line number="20" hits="6" branch="false"/>
							</lines>
						</method>
					</methods>
					<lines>
						<line number="20" hits="6" branch="false"/>
					</lines>
				</class>
				<class name="pl.matsuo.core.web.controller.organization.PersonController" filename="pl/matsuo/core/web/controller/organization/PersonController.java" line-rate="0.0" branch-rate="1.0" complexity="1.0">
					<methods>
						<method name="queryMatchers" signature="()Ljava/util/List;" line-rate="0.0" branch-rate="1.0">
							<lines>
								<line number="20" hits="0" branch="false"/>
							</lines>
						</method>
					</methods>
					<lines>
						<line number="20" hits="0" branch="false"/>
					</lines>
				</class>
				<class name="pl.matsuo.core.web.controller.organization.SimpleParty" filename="pl/matsuo/core/web/controller/organization/SimpleParty.java" line-rate="1.0" branch-rate="1.0" complexity="1.0">
					<methods>
					</methods>
					<lines>
					</lines>
				</class>
			</classes>
		</package>
		<package name="pl.matsuo.core.web.controller.params" line-rate="1.0" branch-rate="1.0" complexity="1.0">
			<classes>
				<class name="pl.matsuo.core.web.controller.params.IEntityQueryRequestParams" filename="pl/matsuo/core/web/controller/params/IEntityQueryRequestParams.java" line-rate="1.0" branch-rate="1.0" complexity="1.0">
					<methods>
					</methods>
					<lines>
					</lines>
				</class>
			</classes>
		</package>
		<package name="pl.matsuo.core.web.controller.print" line-rate="0.8113207547169812" branch-rate="0.625" complexity="1.0">
			<classes>
				<class name="pl.matsuo.core.web.controller.print.AbstractKeyValuePrintController" filename="pl/matsuo/core/web/controller/print/AbstractKeyValuePrintController.java" line-rate="1.0" branch-rate="1.0" complexity="0.0">
					<methods>
					</methods>
					<lines>
					</lines>
				</class>
				<class name="pl.matsuo.core.web.controller.print.AbstractPrintController" filename="pl/matsuo/core/web/controller/print/AbstractPrintController.java" line-rate="1.0" branch-rate="1.0" complexity="1.0">
					<methods>
						<method name="entityInitializers" signature="()Ljava/util/List;" line-rate="1.0" branch-rate="1.0">
							<lines>
								<line number="30" hits="6" branch="false"/>
							</lines>
						</method>
					</methods>
					<lines>
						<line number="30" hits="6" branch="false"/>
					</lines>
				</class>
				<class name="pl.matsuo.core.web.controller.print.PrintController" filename="pl/matsuo/core/web/controller/print/PrintController.java" line-rate="0.8076923076923077" branch-rate="0.625" complexity="0.0">
					<methods>
						<method name="findPrints" signature="(Lpl/matsuo/core/model/report/IPrintsReportParams;Ljava/lang/String;[Lpl/matsuo/core/model/query/condition/QueryPart;)Ljava/util/List;" line-rate="1.0" branch-rate="1.0">
							<lines>
								<line number="106" hits="27" branch="false"/>
								<line number="107" hits="9" branch="false"/>
								<line number="108" hits="9" branch="false"/>
								<line number="109" hits="9" branch="false"/>
								<line number="110" hits="9" branch="false"/>
								<line number="111" hits="9" branch="false"/>
								<line number="112" hits="9" branch="false"/>
							</lines>
						</method>
						<method name="generatePrint" signature="(Ljava/lang/Integer;Ljavax/servlet/http/HttpServletResponse;)V" line-rate="0.5555555555555556" branch-rate="0.5">
							<lines>
								<line number="67" hits="3" branch="false"/>
								<line number="68" hits="3" branch="true" condition-coverage="50% (1/2)">
									<conditions>
										<condition number="0" type="jump" coverage="50%"/>
									</conditions>
								</line>
								<line number="69" hits="0" branch="false"/>
								<line number="70" hits="0" branch="false"/>
								<line number="73" hits="3" branch="false"/>
								<line number="74" hits="0" branch="false"/>
								<line number="75" hits="0" branch="false"/>
								<line number="76" hits="3" branch="false"/>
								<line number="77" hits="3" branch="false"/>
							</lines>
						</method>
						<method name="generatePrint" signature="(Ljava/lang/String;Ljava/lang/String;Ljava/lang/Object;Ljavax/servlet/http/HttpServletResponse;)V" line-rate="0.7777777777777778" branch-rate="1.0">
							<lines>
								<line number="145" hits="9" branch="false"/>
								<line number="146" hits="9" branch="false"/>
								<line number="147" hits="9" branch="false"/>
								<line number="148" hits="9" branch="false"/>
								<line number="151" hits="9" branch="false"/>
								<line number="152" hits="0" branch="false"/>
								<line number="153" hits="0" branch="false"/>
								<line number="154" hits="9" branch="false"/>
								<line number="155" hits="9" branch="false"/>
							</lines>
						</method>
						<method name="generatePrint" signature="(Lpl/matsuo/core/model/print/KeyValuePrint;Ljavax/servlet/http/HttpServletResponse;)V" line-rate="0.75" branch-rate="0.5">
							<lines>
								<line number="85" hits="6" branch="false"/>
								<line number="87" hits="6" branch="true" condition-coverage="50% (1/2)">
									<conditions>
										<condition number="0" type="jump" coverage="50%"/>
									</conditions>
								</line>
								<line number="88" hits="0" branch="false"/>
								<line number="91" hits="6" branch="false"/>
								<line number="93" hits="6" branch="false"/>
								<line number="95" hits="6" branch="false"/>
								<line number="97" hits="12" branch="false"/>
								<line number="98" hits="6" branch="false"/>
								<line number="99" hits="0" branch="false"/>
								<line number="100" hits="0" branch="false"/>
								<line number="101" hits="6" branch="false"/>
								<line number="102" hits="6" branch="false"/>
							</lines>
						</method>
						<method name="lambda$list$2" signature="(Ljava/util/Map;Ljava/util/List;)V" line-rate="1.0" branch-rate="1.0">
							<lines>
							</lines>
						</method>
						<method name="lambda$list$3" signature="(Lpl/matsuo/core/model/print/KeyValuePrint;Lpl/matsuo/core/model/print/KeyValuePrint;)I" line-rate="1.0" branch-rate="1.0">
							<lines>
								<line number="133" hits="3" branch="false"/>
							</lines>
						</method>
						<method name="lambda$null$1" signature="(Ljava/util/Map;Lpl/matsuo/core/model/print/KeyValuePrint;)V" line-rate="1.0" branch-rate="1.0">
							<lines>
								<line number="129" hits="12" branch="false"/>
							</lines>
						</method>
						<method name="list" signature="(Lpl/matsuo/core/model/report/IPrintsReportParams;)Ljava/util/List;" line-rate="0.875" branch-rate="0.5">
							<lines>
								<line number="123" hits="3" branch="false"/>
								<line number="125" hits="3" branch="false"/>
								<line number="127" hits="3" branch="false"/>
								<line number="128" hits="3" branch="false"/>
								<line number="131" hits="3" branch="false"/>
								<line number="135" hits="3" branch="true" condition-coverage="50% (1/2)">
									<conditions>
										<condition number="0" type="jump" coverage="50%"/>
									</conditions>
								</line>
								<line number="136" hits="0" branch="false"/>
								<line number="139" hits="3" branch="false"/>
							</lines>
						</method>
						<method name="listByIdEntities" signature="(Ljava/util/List;)Ljava/util/List;" line-rate="1.0" branch-rate="1.0">
							<lines>
								<line number="163" hits="3" branch="false"/>
							</lines>
						</method>
						<method name="setReportServices" signature="([Lpl/matsuo/core/service/print/AbstractPrintService;)V" line-rate="1.0" branch-rate="1.0">
							<lines>
								<line number="169" hits="3" branch="false"/>
								<line number="170" hits="6" branch="true" condition-coverage="100% (2/2)">
									<conditions>
										<condition number="0" type="jump" coverage="100%"/>
									</conditions>
								</line>
								<line number="171" hits="3" branch="false"/>
								<line number="173" hits="3" branch="false"/>
							</lines>
						</method>
					</methods>
					<lines>
						<line number="67" hits="3" branch="false"/>
						<line number="68" hits="3" branch="true" condition-coverage="50% (1/2)">
							<conditions>
								<condition number="0" type="jump" coverage="50%"/>
							</conditions>
						</line>
						<line number="69" hits="0" branch="false"/>
						<line number="70" hits="0" branch="false"/>
						<line number="73" hits="3" branch="false"/>
						<line number="74" hits="0" branch="false"/>
						<line number="75" hits="0" branch="false"/>
						<line number="76" hits="3" branch="false"/>
						<line number="77" hits="3" branch="false"/>
						<line number="85" hits="6" branch="false"/>
						<line number="87" hits="6" branch="true" condition-coverage="50% (1/2)">
							<conditions>
								<condition number="0" type="jump" coverage="50%"/>
							</conditions>
						</line>
						<line number="88" hits="0" branch="false"/>
						<line number="91" hits="6" branch="false"/>
						<line number="93" hits="6" branch="false"/>
						<line number="95" hits="6" branch="false"/>
						<line number="97" hits="12" branch="false"/>
						<line number="98" hits="6" branch="false"/>
						<line number="99" hits="0" branch="false"/>
						<line number="100" hits="0" branch="false"/>
						<line number="101" hits="6" branch="false"/>
						<line number="102" hits="6" branch="false"/>
						<line number="106" hits="27" branch="false"/>
						<line number="107" hits="9" branch="false"/>
						<line number="108" hits="9" branch="false"/>
						<line number="109" hits="9" branch="false"/>
						<line number="110" hits="9" branch="false"/>
						<line number="111" hits="9" branch="false"/>
						<line number="112" hits="9" branch="false"/>
						<line number="123" hits="3" branch="false"/>
						<line number="125" hits="3" branch="false"/>
						<line number="127" hits="3" branch="false"/>
						<line number="128" hits="3" branch="false"/>
						<line number="129" hits="12" branch="false"/>
						<line number="131" hits="3" branch="false"/>
						<line number="133" hits="3" branch="false"/>
						<line number="135" hits="3" branch="true" condition-coverage="50% (1/2)">
							<conditions>
								<condition number="0" type="jump" coverage="50%"/>
							</conditions>
						</line>
						<line number="136" hits="0" branch="false"/>
						<line number="139" hits="3" branch="false"/>
						<line number="145" hits="9" branch="false"/>
						<line number="146" hits="9" branch="false"/>
						<line number="147" hits="9" branch="false"/>
						<line number="148" hits="9" branch="false"/>
						<line number="151" hits="9" branch="false"/>
						<line number="152" hits="0" branch="false"/>
						<line number="153" hits="0" branch="false"/>
						<line number="154" hits="9" branch="false"/>
						<line number="155" hits="9" branch="false"/>
						<line number="163" hits="3" branch="false"/>
						<line number="169" hits="3" branch="false"/>
						<line number="170" hits="6" branch="true" condition-coverage="100% (2/2)">
							<conditions>
								<condition number="0" type="jump" coverage="100%"/>
							</conditions>
						</line>
						<line number="171" hits="3" branch="false"/>
						<line number="173" hits="3" branch="false"/>
					</lines>
				</class>
			</classes>
		</package>
		<package name="pl.matsuo.core.web.controller.render" line-rate="0.9473684210526315" branch-rate="0.9285714285714286" complexity="2.0">
			<classes>
				<class name="pl.matsuo.core.web.controller.render.BootstrapRendererController" filename="pl/matsuo/core/web/controller/render/BootstrapRendererController.java" line-rate="0.9473684210526315" branch-rate="0.9285714285714286" complexity="9.0">
					<methods>
						<method name="renderedField" signature="(Lpl/matsuo/core/web/controller/render/IBootstrapRendererRequestParams;Lpl/matsuo/core/service/parameterprovider/IParameterProvider;)Ljava/lang/String;" line-rate="0.9473684210526315" branch-rate="0.9285714285714286">
							<lines>
								<line number="32" hits="21" branch="true" condition-coverage="100% (2/2)">
									<conditions>
										<condition number="0" type="jump" coverage="100%"/>
									</conditions>
								</line>
								<line number="33" hits="6" branch="false"/>
								<line number="34" hits="3" branch="false"/>
								<line number="36" hits="18" branch="false"/>
								<line number="37" hits="18" branch="true" condition-coverage="100% (2/2)">
									<conditions>
										<condition number="0" type="jump" coverage="100%"/>
									</conditions>
								</line>
								<line number="38" hits="3" branch="false"/>
								<line number="40" hits="18" branch="true" condition-coverage="100% (2/2)">
									<conditions>
										<condition number="0" type="jump" coverage="100%"/>
									</conditions>
								</line>
								<line number="41" hits="3" branch="false"/>
								<line number="43" hits="18" branch="true" condition-coverage="50% (1/2)">
									<conditions>
										<condition number="0" type="jump" coverage="50%"/>
									</conditions>
								</line>
								<line number="44" hits="0" branch="false"/>
								<line number="47" hits="18" branch="false"/>
								<line number="48" hits="18" branch="true" condition-coverage="100% (2/2)">
									<conditions>
										<condition number="0" type="jump" coverage="100%"/>
									</conditions>
								</line>
								<line number="49" hits="54" branch="true" condition-coverage="100% (2/2)">
									<conditions>
										<condition number="0" type="jump" coverage="100%"/>
									</conditions>
								</line>
								<line number="50" hits="6" branch="false"/>
								<line number="51" hits="6" branch="false"/>
								<line number="53" hits="54" branch="false"/>
								<line number="55" hits="18" branch="true" condition-coverage="100% (2/2)">
									<conditions>
										<condition number="0" type="jump" coverage="100%"/>
									</conditions>
								</line>
								<line number="56" hits="6" branch="false"/>
								<line number="57" hits="12" branch="false"/>
							</lines>
						</method>
					</methods>
					<lines>
						<line number="32" hits="21" branch="true" condition-coverage="100% (2/2)">
							<conditions>
								<condition number="0" type="jump" coverage="100%"/>
							</conditions>
						</line>
						<line number="33" hits="6" branch="false"/>
						<line number="34" hits="3" branch="false"/>
						<line number="36" hits="18" branch="false"/>
						<line number="37" hits="18" branch="true" condition-coverage="100% (2/2)">
							<conditions>
								<condition number="0" type="jump" coverage="100%"/>
							</conditions>
						</line>
						<line number="38" hits="3" branch="false"/>
						<line number="40" hits="18" branch="true" condition-coverage="100% (2/2)">
							<conditions>
								<condition number="0" type="jump" coverage="100%"/>
							</conditions>
						</line>
						<line number="41" hits="3" branch="false"/>
						<line number="43" hits="18" branch="true" condition-coverage="50% (1/2)">
							<conditions>
								<condition number="0" type="jump" coverage="50%"/>
							</conditions>
						</line>
						<line number="44" hits="0" branch="false"/>
						<line number="47" hits="18" branch="false"/>
						<line number="48" hits="18" branch="true" condition-coverage="100% (2/2)">
							<conditions>
								<condition number="0" type="jump" coverage="100%"/>
							</conditions>
						</line>
						<line number="49" hits="54" branch="true" condition-coverage="100% (2/2)">
							<conditions>
								<condition number="0" type="jump" coverage="100%"/>
							</conditions>
						</line>
						<line number="50" hits="6" branch="false"/>
						<line number="51" hits="6" branch="false"/>
						<line number="53" hits="54" branch="false"/>
						<line number="55" hits="18" branch="true" condition-coverage="100% (2/2)">
							<conditions>
								<condition number="0" type="jump" coverage="100%"/>
							</conditions>
						</line>
						<line number="56" hits="6" branch="false"/>
						<line number="57" hits="12" branch="false"/>
					</lines>
				</class>
				<class name="pl.matsuo.core.web.controller.render.IBootstrapRendererRequestParams" filename="pl/matsuo/core/web/controller/render/IBootstrapRendererRequestParams.java" line-rate="1.0" branch-rate="1.0" complexity="1.0">
					<methods>
					</methods>
					<lines>
					</lines>
				</class>
			</classes>
		</package>
		<package name="pl.matsuo.core.web.controller.report" line-rate="0.09090909090909091" branch-rate="0.0" complexity="0.0">
			<classes>
				<class name="pl.matsuo.core.web.controller.report.ReportsController" filename="pl/matsuo/core/web/controller/report/ReportsController.java" line-rate="0.09090909090909091" branch-rate="0.0" complexity="0.0">
					<methods>
						<method name="generateReport" signature="(Ljava/lang/String;Ljava/lang/String;Ljava/util/function/BiFunction;Ljava/lang/String;Ljava/util/Map;Ljavax/servlet/http/HttpServletResponse;)V" line-rate="0.0" branch-rate="0.0">
							<lines>
								<line number="66" hits="0" branch="false"/>
								<line number="68" hits="0" branch="true" condition-coverage="0% (0/2)">
									<conditions>
										<condition number="0" type="jump" coverage="0%"/>
									</conditions>
								</line>
								<line number="69" hits="0" branch="false"/>
								<line number="72" hits="0" branch="false"/>
								<line number="73" hits="0" branch="false"/>
								<line number="74" hits="0" branch="false"/>
								<line number="76" hits="0" branch="false"/>
								<line number="77" hits="0" branch="false"/>
								<line number="78" hits="0" branch="false"/>
								<line number="79" hits="0" branch="false"/>
								<line number="80" hits="0" branch="false"/>
								<line number="82" hits="0" branch="false"/>
								<line number="84" hits="0" branch="false"/>
								<line number="85" hits="0" branch="false"/>
								<line number="87" hits="0" branch="false"/>
								<line number="88" hits="0" branch="false"/>
							</lines>
						</method>
						<method name="generateReportPdf" signature="(Ljava/lang/String;Ljava/util/Map;Ljavax/servlet/http/HttpServletResponse;)V" line-rate="0.0" branch-rate="1.0">
							<lines>
								<line number="46" hits="0" branch="false"/>
								<line number="47" hits="0" branch="false"/>
							</lines>
						</method>
						<method name="generateReportXls" signature="(Ljava/lang/String;Ljava/util/Map;Ljavax/servlet/http/HttpServletResponse;)V" line-rate="0.0" branch-rate="1.0">
							<lines>
								<line number="55" hits="0" branch="false"/>
								<line number="56" hits="0" branch="false"/>
							</lines>
						</method>
						<method name="setReportServices" signature="([Lpl/matsuo/core/service/report/IReportService;)V" line-rate="1.0" branch-rate="1.0">
							<lines>
								<line number="93" hits="3" branch="false"/>
								<line number="94" hits="3" branch="false"/>
							</lines>
						</method>
					</methods>
					<lines>
						<line number="46" hits="0" branch="false"/>
						<line number="47" hits="0" branch="false"/>
						<line number="55" hits="0" branch="false"/>
						<line number="56" hits="0" branch="false"/>
						<line number="66" hits="0" branch="false"/>
						<line number="68" hits="0" branch="true" condition-coverage="0% (0/2)">
							<conditions>
								<condition number="0" type="jump" coverage="0%"/>
							</conditions>
						</line>
						<line number="69" hits="0" branch="false"/>
						<line number="72" hits="0" branch="false"/>
						<line number="73" hits="0" branch="false"/>
						<line number="74" hits="0" branch="false"/>
						<line number="76" hits="0" branch="false"/>
						<line number="77" hits="0" branch="false"/>
						<line number="78" hits="0" branch="false"/>
						<line number="79" hits="0" branch="false"/>
						<line number="80" hits="0" branch="false"/>
						<line number="82" hits="0" branch="false"/>
						<line number="84" hits="0" branch="false"/>
						<line number="85" hits="0" branch="false"/>
						<line number="87" hits="0" branch="false"/>
						<line number="88" hits="0" branch="false"/>
						<line number="93" hits="3" branch="false"/>
						<line number="94" hits="3" branch="false"/>
					</lines>
				</class>
			</classes>
		</package>
		<package name="pl.matsuo.core.web.controller.user" line-rate="0.7837837837837838" branch-rate="0.875" complexity="1.4210526315789473">
			<classes>
				<class name="pl.matsuo.core.web.controller.user.IBlockUserParams" filename="pl/matsuo/core/web/controller/user/IBlockUserParams.java" line-rate="1.0" branch-rate="1.0" complexity="1.0">
					<methods>
					</methods>
					<lines>
					</lines>
				</class>
				<class name="pl.matsuo.core.web.controller.user.IChangePasswordParams" filename="pl/matsuo/core/web/controller/user/IChangePasswordParams.java" line-rate="1.0" branch-rate="1.0" complexity="1.0">
					<methods>
					</methods>
					<lines>
					</lines>
				</class>
				<class name="pl.matsuo.core.web.controller.user.UserController" filename="pl/matsuo/core/web/controller/user/UserController.java" line-rate="0.7837837837837838" branch-rate="0.875" complexity="2.142857142857143">
					<methods>
						<method name="&lt;init&gt;" signature="()V" line-rate="1.0" branch-rate="1.0">
							<lines>
								<line number="36" hits="9" branch="false"/>
								<line number="41" hits="9" branch="false"/>
							</lines>
						</method>
						<method name="blockUser" signature="(Lpl/matsuo/core/web/controller/user/IBlockUserParams;)V" line-rate="1.0" branch-rate="1.0">
							<lines>
								<line number="108" hits="6" branch="false"/>
								<line number="109" hits="6" branch="false"/>
								<line number="111" hits="6" branch="false"/>
								<line number="112" hits="6" branch="false"/>
							</lines>
						</method>
						<method name="create" signature="(Lpl/matsuo/core/model/AbstractEntity;Ljava/lang/StringBuffer;)Lorg/springframework/http/HttpEntity;" line-rate="0.0" branch-rate="1.0">
							<lines>
								<line number="34" hits="0" branch="false"/>
							</lines>
						</method>
						<method name="create" signature="(Lpl/matsuo/core/model/user/User;Ljava/lang/StringBuffer;)Lorg/springframework/http/HttpEntity;" line-rate="0.8888888888888888" branch-rate="0.5">
							<lines>
								<line number="60" hits="3" branch="false"/>
								<line number="61" hits="3" branch="false"/>
								<line number="63" hits="3" branch="true" condition-coverage="50% (1/2)">
									<conditions>
										<condition number="0" type="jump" coverage="50%"/>
									</conditions>
								</line>
								<line number="64" hits="0" branch="false"/>
								<line number="67" hits="3" branch="false"/>
								<line number="69" hits="3" branch="false"/>
								<line number="70" hits="3" branch="false"/>
								<line number="71" hits="3" branch="false"/>
								<line number="72" hits="3" branch="false"/>
							</lines>
						</method>
						<method name="entityInitializers" signature="()Ljava/util/List;" line-rate="1.0" branch-rate="1.0">
							<lines>
								<line number="52" hits="9" branch="false"/>
							</lines>
						</method>
						<method name="queryMatchers" signature="()Ljava/util/List;" line-rate="0.0" branch-rate="1.0">
							<lines>
								<line number="46" hits="0" branch="false"/>
							</lines>
						</method>
						<method name="update" signature="(Lpl/matsuo/core/model/AbstractEntity;)V" line-rate="1.0" branch-rate="1.0">
							<lines>
							</lines>
						</method>
						<method name="update" signature="(Lpl/matsuo/core/model/user/User;)V" line-rate="0.0" branch-rate="1.0">
							<lines>
								<line number="118" hits="0" branch="false"/>
								<line number="121" hits="0" branch="false"/>
								<line number="122" hits="0" branch="false"/>
								<line number="123" hits="0" branch="false"/>
								<line number="124" hits="0" branch="false"/>
							</lines>
						</method>
						<method name="updateOwnPassword" signature="(Lpl/matsuo/core/web/controller/user/IChangePasswordParams;)V" line-rate="1.0" branch-rate="1.0">
							<lines>
								<line number="96" hits="6" branch="true" condition-coverage="100% (2/2)">
									<conditions>
										<condition number="0" type="jump" coverage="100%"/>
									</conditions>
								</line>
								<line number="97" hits="3" branch="false"/>
								<line number="100" hits="3" branch="false"/>
								<line number="101" hits="3" branch="false"/>
								<line number="102" hits="3" branch="false"/>
							</lines>
						</method>
						<method name="updatePassword" signature="(Lpl/matsuo/core/web/controller/user/IChangePasswordParams;)V" line-rate="1.0" branch-rate="1.0">
							<lines>
								<line number="79" hits="12" branch="false"/>
								<line number="81" hits="12" branch="true" condition-coverage="100% (2/2)">
									<conditions>
										<condition number="0" type="jump" coverage="100%"/>
									</conditions>
								</line>
								<line number="82" hits="3" branch="false"/>
								<line number="83" hits="9" branch="true" condition-coverage="100% (2/2)">
									<conditions>
										<condition number="0" type="jump" coverage="100%"/>
									</conditions>
								</line>
								<line number="84" hits="3" branch="false"/>
								<line number="87" hits="6" branch="false"/>
								<line number="88" hits="6" branch="false"/>
								<line number="89" hits="6" branch="false"/>
								<line number="90" hits="6" branch="false"/>
							</lines>
						</method>
					</methods>
					<lines>
						<line number="34" hits="0" branch="false"/>
						<line number="36" hits="9" branch="false"/>
						<line number="41" hits="9" branch="false"/>
						<line number="46" hits="0" branch="false"/>
						<line number="52" hits="9" branch="false"/>
						<line number="60" hits="3" branch="false"/>
						<line number="61" hits="3" branch="false"/>
						<line number="63" hits="3" branch="true" condition-coverage="50% (1/2)">
							<conditions>
								<condition number="0" type="jump" coverage="50%"/>
							</conditions>
						</line>
						<line number="64" hits="0" branch="false"/>
						<line number="67" hits="3" branch="false"/>
						<line number="69" hits="3" branch="false"/>
						<line number="70" hits="3" branch="false"/>
						<line number="71" hits="3" branch="false"/>
						<line number="72" hits="3" branch="false"/>
						<line number="79" hits="12" branch="false"/>
						<line number="81" hits="12" branch="true" condition-coverage="100% (2/2)">
							<conditions>
								<condition number="0" type="jump" coverage="100%"/>
							</conditions>
						</line>
						<line number="82" hits="3" branch="false"/>
						<line number="83" hits="9" branch="true" condition-coverage="100% (2/2)">
							<conditions>
								<condition number="0" type="jump" coverage="100%"/>
							</conditions>
						</line>
						<line number="84" hits="3" branch="false"/>
						<line number="87" hits="6" branch="false"/>
						<line number="88" hits="6" branch="false"/>
						<line number="89" hits="6" branch="false"/>
						<line number="90" hits="6" branch="false"/>
						<line number="96" hits="6" branch="true" condition-coverage="100% (2/2)">
							<conditions>
								<condition number="0" type="jump" coverage="100%"/>
							</conditions>
						</line>
						<line number="97" hits="3" branch="false"/>
						<line number="100" hits="3" branch="false"/>
						<line number="101" hits="3" branch="false"/>
						<line number="102" hits="3" branch="false"/>
						<line number="108" hits="6" branch="false"/>
						<line number="109" hits="6" branch="false"/>
						<line number="111" hits="6" branch="false"/>
						<line number="112" hits="6" branch="false"/>
						<line number="118" hits="0" branch="false"/>
						<line number="121" hits="0" branch="false"/>
						<line number="122" hits="0" branch="false"/>
						<line number="123" hits="0" branch="false"/>
						<line number="124" hits="0" branch="false"/>
					</lines>
				</class>
			</classes>
		</package>
		<package name="pl.matsuo.core.web.filter" line-rate="0.25806451612903225" branch-rate="0.25" complexity="2.75">
			<classes>
				<class name="pl.matsuo.core.web.filter.AbstractFilter" filename="pl/matsuo/core/web/filter/AbstractFilter.java" line-rate="0.0" branch-rate="1.0" complexity="1.0">
					<methods>
						<method name="destroy" signature="()V" line-rate="0.0" branch-rate="1.0">
							<lines>
								<line number="35" hits="0" branch="false"/>
							</lines>
						</method>
						<method name="init" signature="(Ljavax/servlet/FilterConfig;)V" line-rate="0.0" branch-rate="1.0">
							<lines>
								<line number="29" hits="0" branch="false"/>
								<line number="30" hits="0" branch="false"/>
							</lines>
						</method>
					</methods>
					<lines>
						<line number="29" hits="0" branch="false"/>
						<line number="30" hits="0" branch="false"/>
						<line number="35" hits="0" branch="false"/>
					</lines>
				</class>
				<class name="pl.matsuo.core.web.filter.AccessLogFilter" filename="pl/matsuo/core/web/filter/AccessLogFilter.java" line-rate="0.0" branch-rate="0.0" complexity="6.0">
					<methods>
						<method name="doFilter" signature="(Ljavax/servlet/ServletRequest;Ljavax/servlet/ServletResponse;Ljavax/servlet/FilterChain;)V" line-rate="0.0" branch-rate="0.0">
							<lines>
								<line number="31" hits="0" branch="false"/>
								<line number="32" hits="0" branch="false"/>
								<line number="34" hits="0" branch="false"/>
								<line number="35" hits="0" branch="false"/>
								<line number="36" hits="0" branch="false"/>
								<line number="37" hits="0" branch="false"/>
								<line number="38" hits="0" branch="true" condition-coverage="0% (0/2)">
									<conditions>
										<condition number="0" type="jump" coverage="0%"/>
									</conditions>
								</line>
								<line number="39" hits="0" branch="false"/>
								<line number="41" hits="0" branch="true" condition-coverage="0% (0/2)">
									<conditions>
										<condition number="0" type="jump" coverage="0%"/>
									</conditions>
								</line>
								<line number="42" hits="0" branch="false"/>
								<line number="45" hits="0" branch="false"/>
								<line number="48" hits="0" branch="false"/>
								<line number="50" hits="0" branch="false"/>
								<line number="52" hits="0" branch="true" condition-coverage="0% (0/8)">
									<conditions>
										<condition number="0" type="jump" coverage="0%"/>
										<condition number="1" type="jump" coverage="0%"/>
										<condition number="2" type="jump" coverage="0%"/>
										<condition number="3" type="jump" coverage="0%"/>
									</conditions>
								</line>
								<line number="53" hits="0" branch="false"/>
								<line number="55" hits="0" branch="false"/>
								<line number="57" hits="0" branch="false"/>
								<line number="59" hits="0" branch="false"/>
								<line number="60" hits="0" branch="false"/>
								<line number="61" hits="0" branch="false"/>
							</lines>
						</method>
					</methods>
					<lines>
						<line number="31" hits="0" branch="false"/>
						<line number="32" hits="0" branch="false"/>
						<line number="34" hits="0" branch="false"/>
						<line number="35" hits="0" branch="false"/>
						<line number="36" hits="0" branch="false"/>
						<line number="37" hits="0" branch="false"/>
						<line number="38" hits="0" branch="true" condition-coverage="0% (0/2)">
							<conditions>
								<condition number="0" type="jump" coverage="0%"/>
							</conditions>
						</line>
						<line number="39" hits="0" branch="false"/>
						<line number="41" hits="0" branch="true" condition-coverage="0% (0/2)">
							<conditions>
								<condition number="0" type="jump" coverage="0%"/>
							</conditions>
						</line>
						<line number="42" hits="0" branch="false"/>
						<line number="45" hits="0" branch="false"/>
						<line number="48" hits="0" branch="false"/>
						<line number="50" hits="0" branch="false"/>
						<line number="52" hits="0" branch="true" condition-coverage="0% (0/8)">
							<conditions>
								<condition number="0" type="jump" coverage="0%"/>
								<condition number="1" type="jump" coverage="0%"/>
								<condition number="2" type="jump" coverage="0%"/>
								<condition number="3" type="jump" coverage="0%"/>
							</conditions>
						</line>
						<line number="53" hits="0" branch="false"/>
						<line number="55" hits="0" branch="false"/>
						<line number="57" hits="0" branch="false"/>
						<line number="59" hits="0" branch="false"/>
						<line number="60" hits="0" branch="false"/>
						<line number="61" hits="0" branch="false"/>
					</lines>
				</class>
				<class name="pl.matsuo.core.web.filter.PermissionsFilter" filename="pl/matsuo/core/web/filter/PermissionsFilter.java" line-rate="1.0" branch-rate="1.0" complexity="3.0">
					<methods>
						<method name="doFilter" signature="(Ljavax/servlet/ServletRequest;Ljavax/servlet/ServletResponse;Ljavax/servlet/FilterChain;)V" line-rate="1.0" branch-rate="1.0">
							<lines>
								<line number="33" hits="12" branch="false"/>
								<line number="34" hits="12" branch="false"/>
								<line number="37" hits="24" branch="true" condition-coverage="100% (2/2)">
									<conditions>
										<condition number="0" type="jump" coverage="100%"/>
									</conditions>
								</line>
								<line number="38" hits="12" branch="false"/>
								<line number="39" hits="6" branch="false"/>
								<line number="43" hits="6" branch="true" condition-coverage="100% (2/2)">
									<conditions>
										<condition number="0" type="jump" coverage="100%"/>
									</conditions>
								</line>
								<line number="45" hits="6" branch="false"/>
								<line number="47" hits="12" branch="false"/>
							</lines>
						</method>
					</methods>
					<lines>
						<line number="33" hits="12" branch="false"/>
						<line number="34" hits="12" branch="false"/>
						<line number="37" hits="24" branch="true" condition-coverage="100% (2/2)">
							<conditions>
								<condition number="0" type="jump" coverage="100%"/>
							</conditions>
						</line>
						<line number="38" hits="12" branch="false"/>
						<line number="39" hits="6" branch="false"/>
						<line number="43" hits="6" branch="true" condition-coverage="100% (2/2)">
							<conditions>
								<condition number="0" type="jump" coverage="100%"/>
							</conditions>
						</line>
						<line number="45" hits="6" branch="false"/>
						<line number="47" hits="12" branch="false"/>
					</lines>
				</class>
			</classes>
		</package>
		<package name="pl.matsuo.core.web.mvc" line-rate="0.7295081967213115" branch-rate="0.5277777777777778" complexity="2.4761904761904763">
			<classes>
				<class name="pl.matsuo.core.web.mvc.CustomDateFormat" filename="pl/matsuo/core/web/mvc/CustomDateFormat.java" line-rate="0.375" branch-rate="0.0" complexity="7.0">
					<methods>
						<method name="&lt;init&gt;" signature="()V" line-rate="1.0" branch-rate="1.0">
							<lines>
								<line number="13" hits="15" branch="false"/>
								<line number="17" hits="15" branch="false"/>
							</lines>
						</method>
						<method name="parse" signature="(Ljava/lang/String;Ljava/text/ParsePosition;)Ljava/util/Date;" line-rate="0.16666666666666666" branch-rate="0.0">
							<lines>
								<line number="29" hits="3" branch="false"/>
								<line number="30" hits="0" branch="false"/>
								<line number="31" hits="0" branch="true" condition-coverage="0% (0/2)">
									<conditions>
										<condition number="0" type="jump" coverage="0%"/>
									</conditions>
								</line>
								<line number="33" hits="0" branch="false"/>
								<line number="34" hits="0" branch="false"/>
								<line number="39" hits="0" branch="false"/>
							</lines>
						</method>
					</methods>
					<lines>
						<line number="13" hits="15" branch="false"/>
						<line number="17" hits="15" branch="false"/>
						<line number="29" hits="3" branch="false"/>
						<line number="30" hits="0" branch="false"/>
						<line number="31" hits="0" branch="true" condition-coverage="0% (0/2)">
							<conditions>
								<condition number="0" type="jump" coverage="0%"/>
							</conditions>
						</line>
						<line number="33" hits="0" branch="false"/>
						<line number="34" hits="0" branch="false"/>
						<line number="39" hits="0" branch="false"/>
					</lines>
				</class>
				<class name="pl.matsuo.core.web.mvc.CustomJacksonModule" filename="pl/matsuo/core/web/mvc/CustomJacksonModule.java" line-rate="1.0" branch-rate="1.0" complexity="1.0">
					<methods>
						<method name="&lt;init&gt;" signature="()V" line-rate="1.0" branch-rate="1.0">
							<lines>
								<line number="18" hits="12" branch="false"/>
								<line number="19" hits="12" branch="false"/>
							</lines>
						</method>
[...]
							<conditions>
								<condition number="0" type="jump" coverage="100%"/>
							</conditions>
						</line>
						<line number="183" hits="6" branch="false"/>
						<line number="185" hits="9" branch="false"/>
						<line number="186" hits="9" branch="true" condition-coverage="100% (2/2)">
							<conditions>
								<condition number="0" type="jump" coverage="100%"/>
							</conditions>
						</line>
						<line number="187" hits="3" branch="false"/>
						<line number="188" hits="6" branch="false"/>
						<line number="190" hits="3" branch="false"/>
						<line number="192" hits="3" branch="false"/>
						<line number="194" hits="36" branch="false"/>
						<line number="195" hits="36" branch="false"/>
						<line number="197" hits="36" branch="true" condition-coverage="100% (2/2)">
							<conditions>
								<condition number="0" type="jump" coverage="100%"/>
							</conditions>
						</line>
						<line number="198" hits="6" branch="false"/>
						<line number="201" hits="36" branch="true" condition-coverage="100% (2/2)">
							<conditions>
								<condition number="0" type="jump" coverage="100%"/>
							</conditions>
						</line>
						<line number="202" hits="3" branch="false"/>
						<line number="206" hits="84" branch="false"/>
						<line number="207" hits="81" branch="true" condition-coverage="100% (2/2)">
							<conditions>
								<condition number="0" type="jump" coverage="100%"/>
							</conditions>
						</line>
						<line number="209" hits="81" branch="false"/>
						<line number="210" hits="81" branch="false"/>
						<line number="211" hits="81" branch="false"/>
						<line number="212" hits="81" branch="false"/>
						<line number="213" hits="81" branch="false"/>
						<line number="215" hits="81" branch="true" condition-coverage="100% (2/2)">
							<conditions>
								<condition number="0" type="jump" coverage="100%"/>
							</conditions>
						</line>
						<line number="216" hits="69" branch="false"/>
						<line number="219" hits="81" branch="true" condition-coverage="50% (1/2)">
							<conditions>
								<condition number="0" type="jump" coverage="50%"/>
							</conditions>
						</line>
						<line number="220" hits="81" branch="true" condition-coverage="100% (2/2)">
							<conditions>
								<condition number="0" type="jump" coverage="100%"/>
							</conditions>
						</line>
						<line number="221" hits="18" branch="false"/>
						<line number="222" hits="18" branch="false"/>
						<line number="225" hits="81" branch="false"/>
						<line number="231" hits="93" branch="true" condition-coverage="100% (2/2)">
							<conditions>
								<condition number="0" type="jump" coverage="100%"/>
							</conditions>
						</line>
						<line number="232" hits="222" branch="true" condition-coverage="100% (2/2)">
							<conditions>
								<condition number="0" type="jump" coverage="100%"/>
							</conditions>
						</line>
						<line number="233" hits="153" branch="true" condition-coverage="100% (2/2)">
							<conditions>
								<condition number="0" type="jump" coverage="100%"/>
							</conditions>
						</line>
						<line number="234" hits="12" branch="false"/>
						<line number="239" hits="81" branch="false"/>
						<line number="244" hits="84" branch="true" condition-coverage="100% (2/2)">
							<conditions>
								<condition number="0" type="jump" coverage="100%"/>
							</conditions>
						</line>
						<line number="245" hits="6" branch="false"/>
						<line number="248" hits="78" branch="false"/>
						<line number="249" hits="78" branch="true" condition-coverage="100% (2/2)">
							<conditions>
								<condition number="0" type="jump" coverage="100%"/>
							</conditions>
						</line>
						<line number="250" hits="9" branch="false"/>
						<line number="253" hits="75" branch="false"/>
						<line number="254" hits="75" branch="false"/>
						<line number="255" hits="75" branch="false"/>
						<line number="257" hits="75" branch="true" condition-coverage="100% (2/2)">
							<conditions>
								<condition number="0" type="jump" coverage="100%"/>
							</conditions>
						</line>
						<line number="258" hits="6" branch="false"/>
						<line number="260" hits="6" branch="true" condition-coverage="100% (2/2)">
							<conditions>
								<condition number="0" type="jump" coverage="100%"/>
							</conditions>
						</line>
						<line number="261" hits="6" branch="false"/>
						<line number="263" hits="6" branch="true" condition-coverage="50% (1/2)">
							<conditions>
								<condition number="0" type="jump" coverage="50%"/>
							</conditions>
						</line>
						<line number="264" hits="0" branch="false"/>
						<line number="265" hits="6" branch="true" condition-coverage="50% (1/2)">
							<conditions>
								<condition number="0" type="jump" coverage="50%"/>
							</conditions>
						</line>
						<line number="266" hits="0" branch="false"/>
						<line number="267" hits="0" branch="false"/>
						<line number="268" hits="0" branch="true" condition-coverage="50% (1/2)">
							<conditions>
								<condition number="0" type="jump" coverage="50%"/>
							</conditions>
						</line>
						<line number="269" hits="0" branch="false"/>
						<line number="270" hits="0" branch="false"/>
						<line number="271" hits="0" branch="true" condition-coverage="50% (1/2)">
							<conditions>
								<condition number="0" type="jump" coverage="50%"/>
							</conditions>
						</line>
						<line number="272" hits="0" branch="false"/>
						<line number="273" hits="0" branch="false"/>
						<line number="275" hits="6" branch="false"/>
						<line number="277" hits="75" branch="false"/>
						<line number="281" hits="6" branch="true" condition-coverage="50% (1/2)">
							<conditions>
								<condition number="0" type="jump" coverage="50%"/>
							</conditions>
						</line>
						<line number="282" hits="0" branch="false"/>
						<line number="284" hits="12" branch="true" condition-coverage="100% (2/2)">
							<conditions>
								<condition number="0" type="jump" coverage="100%"/>
							</conditions>
						</line>
						<line number="285" hits="6" branch="true" condition-coverage="50% (1/2)">
							<conditions>
								<condition number="0" type="jump" coverage="50%"/>
							</conditions>
						</line>
						<line number="286" hits="0" branch="false"/>
						<line number="291" hits="6" branch="false"/>
						<line number="296" hits="12" branch="false"/>
						<line number="297" hits="12" branch="false"/>
						<line number="301" hits="9" branch="false"/>
						<line number="303" hits="9" branch="true" condition-coverage="50% (1/2)">
							<conditions>
								<condition number="0" type="jump" coverage="50%"/>
							</conditions>
						</line>
						<line number="304" hits="9" branch="false"/>
						<line number="307" hits="27" branch="true" condition-coverage="100% (2/2)">
							<conditions>
								<condition number="0" type="jump" coverage="100%"/>
							</conditions>
						</line>
						<line number="308" hits="36" branch="false"/>
						<line number="309" hits="18" branch="false"/>
						<line number="310" hits="18" branch="false"/>
						<line number="313" hits="9" branch="false"/>
						<line number="318" hits="69" branch="false"/>
						<line number="386" hits="3" branch="false"/>
						<line number="388" hits="6" branch="true" condition-coverage="100% (2/2)">
							<conditions>
								<condition number="0" type="jump" coverage="100%"/>
							</conditions>
						</line>
						<line number="389" hits="3" branch="false"/>
						<line number="390" hits="3" branch="false"/>
						<line number="392" hits="3" branch="false"/>
						<line number="394" hits="6" branch="false"/>
						<line number="395" hits="3" branch="false"/>
						<line number="396" hits="3" branch="false"/>
						<line number="400" hits="3" branch="false"/>
						<line number="402" hits="3" branch="false"/>
						<line number="404" hits="6" branch="false"/>
						<line number="405" hits="3" branch="false"/>
						<line number="414" hits="6" branch="false"/>
						<line number="419" hits="0" branch="false"/>
						<line number="424" hits="87" branch="true" condition-coverage="50% (1/2)">
							<conditions>
								<condition number="0" type="jump" coverage="50%"/>
							</conditions>
						</line>
						<line number="429" hits="171" branch="false"/>
						<line number="434" hits="297" branch="false"/>
						<line number="439" hits="93" branch="false"/>
						<line number="444" hits="99" branch="false"/>
					</lines>
				</class>
				<class name="pl.matsuo.core.web.view.BootstrapRenderer$BootstrapRenderingBuilder" filename="pl/matsuo/core/web/view/BootstrapRenderer.java" line-rate="1.0" branch-rate="1.0" complexity="0.0">
					<methods>
						<method name="&lt;init&gt;" signature="(Ljava/lang/Class;)V" line-rate="1.0" branch-rate="1.0">
							<lines>
								<line number="327" hits="69" branch="false"/>
								<line number="328" hits="69" branch="false"/>
								<line number="330" hits="69" branch="false"/>
								<line number="333" hits="69" branch="false"/>
								<line number="334" hits="69" branch="false"/>
								<line number="335" hits="69" branch="false"/>
							</lines>
						</method>
						<method name="access$000" signature="(Lpl/matsuo/core/web/view/BootstrapRenderer$BootstrapRenderingBuilder;)Ljava/lang/String;" line-rate="1.0" branch-rate="1.0">
							<lines>
							</lines>
						</method>
						<method name="access$100" signature="(Lpl/matsuo/core/web/view/BootstrapRenderer$BootstrapRenderingBuilder;)Ljava/lang/Class;" line-rate="1.0" branch-rate="1.0">
							<lines>
							</lines>
						</method>
						<method name="access$200" signature="(Lpl/matsuo/core/web/view/BootstrapRenderer$BootstrapRenderingBuilder;)[Ljava/lang/String;" line-rate="1.0" branch-rate="1.0">
							<lines>
							</lines>
						</method>
						<method name="access$300" signature="(Lpl/matsuo/core/web/view/BootstrapRenderer$BootstrapRenderingBuilder;)Ljava/util/Map;" line-rate="1.0" branch-rate="1.0">
							<lines>
								<line number="325" hits="360" branch="false"/>
							</lines>
						</method>
						<method name="attribute" signature="(Ljava/lang/String;Ljava/lang/String;)Lpl/matsuo/core/web/view/BootstrapRenderer$BootstrapRenderingBuilder;" line-rate="1.0" branch-rate="1.0">
							<lines>
								<line number="357" hits="15" branch="false"/>
								<line number="358" hits="15" branch="false"/>
							</lines>
						</method>
						<method name="cssClasses" signature="([Ljava/lang/String;)Lpl/matsuo/core/web/view/BootstrapRenderer$BootstrapRenderingBuilder;" line-rate="1.0" branch-rate="1.0">
							<lines>
								<line number="351" hits="6" branch="false"/>
								<line number="352" hits="6" branch="false"/>
							</lines>
						</method>
						<method name="entityName" signature="(Ljava/lang/String;)Lpl/matsuo/core/web/view/BootstrapRenderer$BootstrapRenderingBuilder;" line-rate="1.0" branch-rate="1.0">
							<lines>
								<line number="339" hits="9" branch="false"/>
								<line number="340" hits="9" branch="false"/>
							</lines>
						</method>
						<method name="inline" signature="(Z)Lpl/matsuo/core/web/view/BootstrapRenderer$BootstrapRenderingBuilder;" line-rate="1.0" branch-rate="1.0">
							<lines>
								<line number="345" hits="3" branch="false"/>
								<line number="346" hits="3" branch="false"/>
							</lines>
						</method>
						<method name="lambda$render$0" signature="(Ljava/lang/String;Ljava/lang/String;)Ljava/lang/String;" line-rate="1.0" branch-rate="1.0">
							<lines>
								<line number="367" hits="132" branch="false"/>
								<line number="368" hits="66" branch="false"/>
							</lines>
						</method>
						<method name="render" signature="([Ljava/lang/String;)Ljava/lang/String;" line-rate="1.0" branch-rate="1.0">
							<lines>
								<line number="363" hits="54" branch="true" condition-coverage="100% (2/2)">
									<conditions>
										<condition number="0" type="jump" coverage="100%"/>
									</conditions>
								</line>
								<line number="364" hits="3" branch="false"/>
								<line number="366" hits="51" branch="false"/>
							</lines>
						</method>
						<method name="renderWithName" signature="(Ljava/lang/String;Ljava/lang/String;)Ljava/lang/String;" line-rate="1.0" branch-rate="1.0">
							<lines>
								<line number="375" hits="18" branch="false"/>
								<line number="376" hits="9" branch="false"/>
							</lines>
						</method>
					</methods>
					<lines>
						<line number="325" hits="360" branch="false"/>
						<line number="327" hits="69" branch="false"/>
						<line number="328" hits="69" branch="false"/>
						<line number="330" hits="69" branch="false"/>
						<line number="333" hits="69" branch="false"/>
						<line number="334" hits="69" branch="false"/>
						<line number="335" hits="69" branch="false"/>
						<line number="339" hits="9" branch="false"/>
						<line number="340" hits="9" branch="false"/>
						<line number="345" hits="3" branch="false"/>
						<line number="346" hits="3" branch="false"/>
						<line number="351" hits="6" branch="false"/>
						<line number="352" hits="6" branch="false"/>
						<line number="357" hits="15" branch="false"/>
						<line number="358" hits="15" branch="false"/>
						<line number="363" hits="54" branch="true" condition-coverage="100% (2/2)">
							<conditions>
								<condition number="0" type="jump" coverage="100%"/>
							</conditions>
						</line>
						<line number="364" hits="3" branch="false"/>
						<line number="366" hits="51" branch="false"/>
						<line number="367" hits="132" branch="false"/>
						<line number="368" hits="66" branch="false"/>
						<line number="375" hits="18" branch="false"/>
						<line number="376" hits="9" branch="false"/>
					</lines>
				</class>
				<class name="pl.matsuo.core.web.view.HtmlElement" filename="pl/matsuo/core/web/view/HtmlElement.java" line-rate="0.9629629629629629" branch-rate="0.875" complexity="1.6666666666666667">
					<methods>
						<method name="&lt;init&gt;" signature="(Ljava/lang/String;[Lpl/matsuo/core/web/view/HtmlPart;)V" line-rate="1.0" branch-rate="1.0">
							<lines>
								<line number="16" hits="468" branch="false"/>
								<line number="17" hits="468" branch="false"/>
								<line number="20" hits="468" branch="false"/>
								<line number="21" hits="468" branch="false"/>
								<line number="22" hits="468" branch="false"/>
								<line number="23" hits="468" branch="false"/>
							</lines>
						</method>
						<method name="attr" signature="(Ljava/lang/String;Ljava/lang/String;)Lpl/matsuo/core/web/view/HtmlElement;" line-rate="1.0" branch-rate="1.0">
							<lines>
								<line number="38" hits="705" branch="false"/>
								<line number="39" hits="705" branch="false"/>
							</lines>
						</method>
						<method name="getAttr" signature="(Ljava/lang/String;)Ljava/lang/String;" line-rate="0.0" branch-rate="1.0">
							<lines>
								<line number="44" hits="0" branch="false"/>
							</lines>
						</method>
						<method name="style" signature="(Ljava/util/List;)Lpl/matsuo/core/web/view/HtmlElement;" line-rate="1.0" branch-rate="1.0">
							<lines>
								<line number="32" hits="618" branch="false"/>
								<line number="33" hits="618" branch="false"/>
							</lines>
						</method>
						<method name="style" signature="([Ljava/lang/String;)Lpl/matsuo/core/web/view/HtmlElement;" line-rate="1.0" branch-rate="1.0">
							<lines>
								<line number="27" hits="150" branch="false"/>
							</lines>
						</method>
						<method name="toString" signature="()Ljava/lang/String;" line-rate="1.0" branch-rate="0.875">
							<lines>
								<line number="50" hits="462" branch="false"/>
								<line number="52" hits="462" branch="false"/>
								<line number="53" hits="462" branch="true" condition-coverage="100% (2/2)">
									<conditions>
										<condition number="0" type="jump" coverage="100%"/>
									</conditions>
								</line>
								<line number="54" hits="939" branch="false"/>
								<line number="55" hits="939" branch="false"/>
								<line number="56" hits="462" branch="false"/>
								<line number="58" hits="462" branch="true" condition-coverage="100% (2/2)">
									<conditions>
										<condition number="0" type="jump" coverage="100%"/>
									</conditions>
								</line>
								<line number="59" hits="687" branch="false"/>
								<line number="60" hits="687" branch="true" condition-coverage="50% (1/2)">
									<conditions>
										<condition number="0" type="jump" coverage="50%"/>
									</conditions>
								</line>
								<line number="61" hits="687" branch="false"/>
								<line number="63" hits="462" branch="false"/>
								<line number="65" hits="936" branch="true" condition-coverage="100% (2/2)">
									<conditions>
										<condition number="0" type="jump" coverage="100%"/>
									</conditions>
								</line>
								<line number="66" hits="474" branch="false"/>
								<line number="69" hits="462" branch="false"/>
								<line number="71" hits="462" branch="false"/>
							</lines>
						</method>
					</methods>
					<lines>
						<line number="16" hits="468" branch="false"/>
						<line number="17" hits="468" branch="false"/>
						<line number="20" hits="468" branch="false"/>
						<line number="21" hits="468" branch="false"/>
						<line number="22" hits="468" branch="false"/>
						<line number="23" hits="468" branch="false"/>
						<line number="27" hits="150" branch="false"/>
						<line number="32" hits="618" branch="false"/>
						<line number="33" hits="618" branch="false"/>
						<line number="38" hits="705" branch="false"/>
						<line number="39" hits="705" branch="false"/>
						<line number="44" hits="0" branch="false"/>
						<line number="50" hits="462" branch="false"/>
						<line number="52" hits="462" branch="false"/>
						<line number="53" hits="462" branch="true" condition-coverage="100% (2/2)">
							<conditions>
								<condition number="0" type="jump" coverage="100%"/>
							</conditions>
						</line>
						<line number="54" hits="939" branch="false"/>
						<line number="55" hits="939" branch="false"/>
						<line number="56" hits="462" branch="false"/>
						<line number="58" hits="462" branch="true" condition-coverage="100% (2/2)">
							<conditions>
								<condition number="0" type="jump" coverage="100%"/>
							</conditions>
						</line>
						<line number="59" hits="687" branch="false"/>
						<line number="60" hits="687" branch="true" condition-coverage="50% (1/2)">
							<conditions>
								<condition number="0" type="jump" coverage="50%"/>
							</conditions>
						</line>
						<line number="61" hits="687" branch="false"/>
						<line number="63" hits="462" branch="false"/>
						<line number="65" hits="936" branch="true" condition-coverage="100% (2/2)">
							<conditions>
								<condition number="0" type="jump" coverage="100%"/>
							</conditions>
						</line>
						<line number="66" hits="474" branch="false"/>
						<line number="69" hits="462" branch="false"/>
						<line number="71" hits="462" branch="false"/>
					</lines>
				</class>
				<class name="pl.matsuo.core.web.view.HtmlPart" filename="pl/matsuo/core/web/view/HtmlPart.java" line-rate="1.0" branch-rate="1.0" complexity="0.0">
					<methods>
					</methods>
					<lines>
					</lines>
				</class>
				<class name="pl.matsuo.core.web.view.HtmlText" filename="pl/matsuo/core/web/view/HtmlText.java" line-rate="1.0" branch-rate="1.0" complexity="1.0">
					<methods>
						<method name="toString" signature="()Ljava/lang/String;" line-rate="1.0" branch-rate="1.0">
							<lines>
								<line number="16" hits="93" branch="false"/>
							</lines>
						</method>
					</methods>
					<lines>
						<line number="16" hits="93" branch="false"/>
					</lines>
				</class>
			</classes>
		</package>
	</packages>
</coverage>
